[2025-04-18T00:32:54.690+0000] {taskinstance.py:1094} DEBUG - previous_execution_date was called
[2025-04-18T00:32:54.705+0000] {__init__.py:51} DEBUG - Loading core task runner: StandardTaskRunner
[2025-04-18T00:32:54.721+0000] {taskinstance.py:1094} DEBUG - previous_execution_date was called
[2025-04-18T00:32:54.724+0000] {base_task_runner.py:68} DEBUG - Planning to run as the  user
[2025-04-18T00:32:54.727+0000] {taskinstance.py:844} DEBUG - Refreshing TaskInstance <TaskInstance: parquet_to_csv_to_postgres_loader.create_main_table scheduled__2025-04-18T00:25:00+00:00 [queued]> from DB
[2025-04-18T00:32:54.848+0000] {taskinstance.py:1168} DEBUG - <TaskInstance: parquet_to_csv_to_postgres_loader.create_main_table scheduled__2025-04-18T00:25:00+00:00 [queued]> dependency 'Task Instance Not Running' PASSED: True, Task is not in running state.
[2025-04-18T00:32:54.848+0000] {taskinstance.py:1168} DEBUG - <TaskInstance: parquet_to_csv_to_postgres_loader.create_main_table scheduled__2025-04-18T00:25:00+00:00 [queued]> dependency 'Not In Retry Period' PASSED: True, The task instance was not marked for retrying.
[2025-04-18T00:32:54.853+0000] {taskinstance.py:1168} DEBUG - <TaskInstance: parquet_to_csv_to_postgres_loader.create_main_table scheduled__2025-04-18T00:25:00+00:00 [queued]> dependency 'Task Instance State' PASSED: True, Task state queued was valid.
[2025-04-18T00:32:54.854+0000] {taskinstance.py:1168} DEBUG - <TaskInstance: parquet_to_csv_to_postgres_loader.create_main_table scheduled__2025-04-18T00:25:00+00:00 [queued]> dependency 'Previous Dagrun State' PASSED: True, The task did not have depends_on_past set.
[2025-04-18T00:32:54.854+0000] {taskinstance.py:1159} INFO - Dependencies all met for dep_context=non-requeueable deps ti=<TaskInstance: parquet_to_csv_to_postgres_loader.create_main_table scheduled__2025-04-18T00:25:00+00:00 [queued]>
[2025-04-18T00:32:54.856+0000] {taskinstance.py:1168} DEBUG - <TaskInstance: parquet_to_csv_to_postgres_loader.create_main_table scheduled__2025-04-18T00:25:00+00:00 [queued]> dependency 'Not In Retry Period' PASSED: True, The task instance was not marked for retrying.
[2025-04-18T00:32:54.856+0000] {taskinstance.py:1168} DEBUG - <TaskInstance: parquet_to_csv_to_postgres_loader.create_main_table scheduled__2025-04-18T00:25:00+00:00 [queued]> dependency 'Task Concurrency' PASSED: True, Task concurrency is not set.
[2025-04-18T00:32:54.858+0000] {taskinstance.py:1168} DEBUG - <TaskInstance: parquet_to_csv_to_postgres_loader.create_main_table scheduled__2025-04-18T00:25:00+00:00 [queued]> dependency 'Previous Dagrun State' PASSED: True, The task did not have depends_on_past set.
[2025-04-18T00:32:54.861+0000] {taskinstance.py:1168} DEBUG - <TaskInstance: parquet_to_csv_to_postgres_loader.create_main_table scheduled__2025-04-18T00:25:00+00:00 [queued]> dependency 'Pool Slots Available' PASSED: True, There are enough open slots in default_pool to execute the task
[2025-04-18T00:32:54.862+0000] {taskinstance.py:1159} INFO - Dependencies all met for dep_context=requeueable deps ti=<TaskInstance: parquet_to_csv_to_postgres_loader.create_main_table scheduled__2025-04-18T00:25:00+00:00 [queued]>
[2025-04-18T00:32:54.862+0000] {taskinstance.py:1361} INFO - Starting attempt 1 of 2
[2025-04-18T00:32:54.871+0000] {taskinstance.py:1382} INFO - Executing <Task(SQLExecuteQueryOperator): create_main_table> on 2025-04-18 00:25:00+00:00
[2025-04-18T00:32:54.875+0000] {standard_task_runner.py:57} INFO - Started process 228 to run task
[2025-04-18T00:32:54.877+0000] {standard_task_runner.py:84} INFO - Running: ['airflow', 'tasks', 'run', 'parquet_to_csv_to_postgres_loader', 'create_main_table', 'scheduled__2025-04-18T00:25:00+00:00', '--job-id', '74', '--raw', '--subdir', 'DAGS_FOLDER/parquet_to_postgres_dbt.py', '--cfg-path', '/tmp/tmp7l5uvs77']
[2025-04-18T00:32:54.879+0000] {standard_task_runner.py:85} INFO - Job 74: Subtask create_main_table
[2025-04-18T00:32:54.879+0000] {cli_action_loggers.py:67} DEBUG - Calling callbacks: [<function default_action_log at 0xffffb126daf0>]
[2025-04-18T00:32:54.928+0000] {taskinstance.py:1094} DEBUG - previous_execution_date was called
[2025-04-18T00:32:54.931+0000] {task_command.py:416} INFO - Running <TaskInstance: parquet_to_csv_to_postgres_loader.create_main_table scheduled__2025-04-18T00:25:00+00:00 [running]> on host 606609f4e4b0
[2025-04-18T00:32:54.931+0000] {settings.py:351} DEBUG - Disposing DB connection pool (PID 228)
[2025-04-18T00:32:54.931+0000] {settings.py:210} DEBUG - Setting up DB connection pool (PID 228)
[2025-04-18T00:32:54.932+0000] {settings.py:283} DEBUG - settings.prepare_engine_args(): Using NullPool
[2025-04-18T00:32:54.933+0000] {taskinstance.py:844} DEBUG - Refreshing TaskInstance <TaskInstance: parquet_to_csv_to_postgres_loader.create_main_table scheduled__2025-04-18T00:25:00+00:00 [running]> from DB
[2025-04-18T00:32:54.975+0000] {taskinstance.py:1094} DEBUG - previous_execution_date was called
[2025-04-18T00:32:54.976+0000] {taskinstance.py:925} DEBUG - Clearing XCom data
[2025-04-18T00:32:54.983+0000] {retries.py:93} DEBUG - Running RenderedTaskInstanceFields.write with retries. Try 1 of 3
[2025-04-18T00:32:55.005+0000] {retries.py:93} DEBUG - Running RenderedTaskInstanceFields._do_delete_old_records with retries. Try 1 of 3
[2025-04-18T00:32:55.017+0000] {taskinstance.py:1662} INFO - Exporting env vars: AIRFLOW_CTX_DAG_OWNER='airflow' AIRFLOW_CTX_DAG_ID='parquet_to_csv_to_postgres_loader' AIRFLOW_CTX_TASK_ID='create_main_table' AIRFLOW_CTX_EXECUTION_DATE='2025-04-18T00:25:00+00:00' AIRFLOW_CTX_TRY_NUMBER='1' AIRFLOW_CTX_DAG_RUN_ID='scheduled__2025-04-18T00:25:00+00:00'
[2025-04-18T00:32:55.017+0000] {__init__.py:116} DEBUG - Preparing lineage inlets and outlets
[2025-04-18T00:32:55.017+0000] {__init__.py:157} DEBUG - inlets: [], outlets: []
[2025-04-18T00:32:55.018+0000] {sql.py:274} INFO - Executing: 
        CREATE TABLE IF NOT EXISTS main_table (
            id INT PRIMARY KEY,
            name TEXT,
            age INT,
            csv_data JSONB
        );
        
[2025-04-18T00:32:55.018+0000] {sql.py:147} DEBUG - Get connection for postgres_default
[2025-04-18T00:32:55.029+0000] {base.py:73} INFO - Using connection ID 'postgres_default' for task execution.
[2025-04-18T00:32:55.030+0000] {providers_manager.py:366} DEBUG - Initializing Providers Manager[hooks]
[2025-04-18T00:32:55.030+0000] {providers_manager.py:369} DEBUG - Initialization of Providers Manager[hooks] took 0.00 seconds
[2025-04-18T00:32:55.031+0000] {sql.py:381} DEBUG - Executing following statements against DB: ['\n        CREATE TABLE IF NOT EXISTS main_table (\n            id INT PRIMARY KEY,\n            name TEXT,\n            age INT,\n            csv_data JSONB\n        );\n        ']
[2025-04-18T00:32:55.042+0000] {base.py:73} INFO - Using connection ID 'postgres_default' for task execution.
[2025-04-18T00:32:55.049+0000] {sql.py:418} INFO - Running statement: 
        CREATE TABLE IF NOT EXISTS main_table (
            id INT PRIMARY KEY,
            name TEXT,
            age INT,
            csv_data JSONB
        );
        , parameters: None
[2025-04-18T00:32:55.050+0000] {__init__.py:74} DEBUG - Lineage called with inlets: [], outlets: []
[2025-04-18T00:32:55.050+0000] {taskinstance.py:844} DEBUG - Refreshing TaskInstance <TaskInstance: parquet_to_csv_to_postgres_loader.create_main_table scheduled__2025-04-18T00:25:00+00:00 [running]> from DB
[2025-04-18T00:32:55.063+0000] {taskinstance.py:1458} DEBUG - Clearing next_method and next_kwargs.
[2025-04-18T00:32:55.063+0000] {taskinstance.py:1400} INFO - Marking task as SUCCESS. dag_id=parquet_to_csv_to_postgres_loader, task_id=create_main_table, execution_date=20250418T002500, start_date=20250418T003254, end_date=20250418T003255
[2025-04-18T00:32:55.063+0000] {taskinstance.py:2430} DEBUG - Task Duration set to 0.20884
[2025-04-18T00:32:55.073+0000] {cli_action_loggers.py:85} DEBUG - Calling callbacks: []
[2025-04-18T00:32:55.100+0000] {local_task_job_runner.py:228} INFO - Task exited with return code 0
[2025-04-18T00:32:55.121+0000] {dagrun.py:734} DEBUG - number of tis tasks for <DagRun parquet_to_csv_to_postgres_loader @ 2025-04-18 00:25:00+00:00: scheduled__2025-04-18T00:25:00+00:00, state:running, queued_at: 2025-04-18 00:32:53.152021+00:00. externally triggered: False>: 3 task(s)
[2025-04-18T00:32:55.121+0000] {dagrun.py:755} DEBUG - number of scheduleable tasks for <DagRun parquet_to_csv_to_postgres_loader @ 2025-04-18 00:25:00+00:00: scheduled__2025-04-18T00:25:00+00:00, state:running, queued_at: 2025-04-18 00:32:53.152021+00:00. externally triggered: False>: 2 task(s)
[2025-04-18T00:32:55.122+0000] {taskinstance.py:1168} DEBUG - <TaskInstance: parquet_to_csv_to_postgres_loader.convert_parquet_to_csv scheduled__2025-04-18T00:25:00+00:00 [None]> dependency 'Previous Dagrun State' PASSED: True, The task did not have depends_on_past set.
[2025-04-18T00:32:55.122+0000] {taskinstance.py:1168} DEBUG - <TaskInstance: parquet_to_csv_to_postgres_loader.convert_parquet_to_csv scheduled__2025-04-18T00:25:00+00:00 [None]> dependency 'Not In Retry Period' PASSED: True, The task instance was not marked for retrying.
[2025-04-18T00:32:55.122+0000] {taskinstance.py:1159} DEBUG - Dependencies all met for dep_context=None ti=<TaskInstance: parquet_to_csv_to_postgres_loader.convert_parquet_to_csv scheduled__2025-04-18T00:25:00+00:00 [None]>
[2025-04-18T00:32:55.122+0000] {taskinstance.py:1168} DEBUG - <TaskInstance: parquet_to_csv_to_postgres_loader.load_csv_to_postgres scheduled__2025-04-18T00:25:00+00:00 [None]> dependency 'Previous Dagrun State' PASSED: True, The task did not have depends_on_past set.
[2025-04-18T00:32:55.123+0000] {taskinstance.py:1168} DEBUG - <TaskInstance: parquet_to_csv_to_postgres_loader.load_csv_to_postgres scheduled__2025-04-18T00:25:00+00:00 [None]> dependency 'Not In Retry Period' PASSED: True, The task instance was not marked for retrying.
[2025-04-18T00:32:55.123+0000] {taskinstance.py:1168} DEBUG - <TaskInstance: parquet_to_csv_to_postgres_loader.load_csv_to_postgres scheduled__2025-04-18T00:25:00+00:00 [None]> dependency 'Trigger Rule' PASSED: False, Task's trigger rule 'all_success' requires all upstream tasks to have succeeded, but found 1 non-success(es). upstream_states=_UpstreamTIStates(success=0, skipped=0, failed=0, upstream_failed=0, removed=0, done=0, success_setup=0, skipped_setup=0), upstream_task_ids={'convert_parquet_to_csv'}
[2025-04-18T00:32:55.123+0000] {taskinstance.py:1149} DEBUG - Dependencies not met for <TaskInstance: parquet_to_csv_to_postgres_loader.load_csv_to_postgres scheduled__2025-04-18T00:25:00+00:00 [None]>, dependency 'Trigger Rule' FAILED: Task's trigger rule 'all_success' requires all upstream tasks to have succeeded, but found 1 non-success(es). upstream_states=_UpstreamTIStates(success=0, skipped=0, failed=0, upstream_failed=0, removed=0, done=0, success_setup=0, skipped_setup=0), upstream_task_ids={'convert_parquet_to_csv'}
[2025-04-18T00:32:55.129+0000] {taskinstance.py:2778} INFO - 1 downstream tasks scheduled from follow-on schedule check
