[2025-04-18T00:22:22.966+0000] {taskinstance.py:1094} DEBUG - previous_execution_date was called
[2025-04-18T00:22:22.980+0000] {__init__.py:51} DEBUG - Loading core task runner: StandardTaskRunner
[2025-04-18T00:22:22.996+0000] {taskinstance.py:1094} DEBUG - previous_execution_date was called
[2025-04-18T00:22:22.998+0000] {base_task_runner.py:68} DEBUG - Planning to run as the  user
[2025-04-18T00:22:23.003+0000] {taskinstance.py:844} DEBUG - Refreshing TaskInstance <TaskInstance: parquet_to_csv_to_postgres_loader.create_staging_table manual__2025-04-18T00:22:05.188674+00:00 [queued]> from DB
[2025-04-18T00:22:23.171+0000] {taskinstance.py:1168} DEBUG - <TaskInstance: parquet_to_csv_to_postgres_loader.create_staging_table manual__2025-04-18T00:22:05.188674+00:00 [queued]> dependency 'Not In Retry Period' PASSED: True, The task instance was not marked for retrying.
[2025-04-18T00:22:23.171+0000] {taskinstance.py:1168} DEBUG - <TaskInstance: parquet_to_csv_to_postgres_loader.create_staging_table manual__2025-04-18T00:22:05.188674+00:00 [queued]> dependency 'Task Instance State' PASSED: True, Task state queued was valid.
[2025-04-18T00:22:23.172+0000] {taskinstance.py:1168} DEBUG - <TaskInstance: parquet_to_csv_to_postgres_loader.create_staging_table manual__2025-04-18T00:22:05.188674+00:00 [queued]> dependency 'Previous Dagrun State' PASSED: True, The task did not have depends_on_past set.
[2025-04-18T00:22:23.172+0000] {taskinstance.py:1168} DEBUG - <TaskInstance: parquet_to_csv_to_postgres_loader.create_staging_table manual__2025-04-18T00:22:05.188674+00:00 [queued]> dependency 'Trigger Rule' PASSED: True, The task instance did not have any upstream tasks.
[2025-04-18T00:22:23.177+0000] {taskinstance.py:1168} DEBUG - <TaskInstance: parquet_to_csv_to_postgres_loader.create_staging_table manual__2025-04-18T00:22:05.188674+00:00 [queued]> dependency 'Task Instance Not Running' PASSED: True, Task is not in running state.
[2025-04-18T00:22:23.177+0000] {taskinstance.py:1159} INFO - Dependencies all met for dep_context=non-requeueable deps ti=<TaskInstance: parquet_to_csv_to_postgres_loader.create_staging_table manual__2025-04-18T00:22:05.188674+00:00 [queued]>
[2025-04-18T00:22:23.177+0000] {taskinstance.py:1168} DEBUG - <TaskInstance: parquet_to_csv_to_postgres_loader.create_staging_table manual__2025-04-18T00:22:05.188674+00:00 [queued]> dependency 'Not In Retry Period' PASSED: True, The task instance was not marked for retrying.
[2025-04-18T00:22:23.178+0000] {taskinstance.py:1168} DEBUG - <TaskInstance: parquet_to_csv_to_postgres_loader.create_staging_table manual__2025-04-18T00:22:05.188674+00:00 [queued]> dependency 'Previous Dagrun State' PASSED: True, The task did not have depends_on_past set.
[2025-04-18T00:22:23.178+0000] {taskinstance.py:1168} DEBUG - <TaskInstance: parquet_to_csv_to_postgres_loader.create_staging_table manual__2025-04-18T00:22:05.188674+00:00 [queued]> dependency 'Trigger Rule' PASSED: True, The task instance did not have any upstream tasks.
[2025-04-18T00:22:23.181+0000] {taskinstance.py:1168} DEBUG - <TaskInstance: parquet_to_csv_to_postgres_loader.create_staging_table manual__2025-04-18T00:22:05.188674+00:00 [queued]> dependency 'Pool Slots Available' PASSED: True, There are enough open slots in default_pool to execute the task
[2025-04-18T00:22:23.182+0000] {taskinstance.py:1168} DEBUG - <TaskInstance: parquet_to_csv_to_postgres_loader.create_staging_table manual__2025-04-18T00:22:05.188674+00:00 [queued]> dependency 'Task Concurrency' PASSED: True, Task concurrency is not set.
[2025-04-18T00:22:23.184+0000] {taskinstance.py:1159} INFO - Dependencies all met for dep_context=requeueable deps ti=<TaskInstance: parquet_to_csv_to_postgres_loader.create_staging_table manual__2025-04-18T00:22:05.188674+00:00 [queued]>
[2025-04-18T00:22:23.184+0000] {taskinstance.py:1361} INFO - Starting attempt 1 of 2
[2025-04-18T00:22:23.193+0000] {taskinstance.py:1382} INFO - Executing <Task(SQLExecuteQueryOperator): create_staging_table> on 2025-04-18 00:22:05.188674+00:00
[2025-04-18T00:22:23.196+0000] {standard_task_runner.py:57} INFO - Started process 249 to run task
[2025-04-18T00:22:23.199+0000] {standard_task_runner.py:84} INFO - Running: ['airflow', 'tasks', 'run', 'parquet_to_csv_to_postgres_loader', 'create_staging_table', 'manual__2025-04-18T00:22:05.188674+00:00', '--job-id', '62', '--raw', '--subdir', 'DAGS_FOLDER/parquet_to_postgres_dbt.py', '--cfg-path', '/tmp/tmp43l_q4t3']
[2025-04-18T00:22:23.201+0000] {standard_task_runner.py:85} INFO - Job 62: Subtask create_staging_table
[2025-04-18T00:22:23.201+0000] {cli_action_loggers.py:67} DEBUG - Calling callbacks: [<function default_action_log at 0xffff9bb8eaf0>]
[2025-04-18T00:22:23.244+0000] {taskinstance.py:1094} DEBUG - previous_execution_date was called
[2025-04-18T00:22:23.247+0000] {task_command.py:416} INFO - Running <TaskInstance: parquet_to_csv_to_postgres_loader.create_staging_table manual__2025-04-18T00:22:05.188674+00:00 [running]> on host a9ba873147a3
[2025-04-18T00:22:23.247+0000] {settings.py:351} DEBUG - Disposing DB connection pool (PID 249)
[2025-04-18T00:22:23.248+0000] {settings.py:210} DEBUG - Setting up DB connection pool (PID 249)
[2025-04-18T00:22:23.248+0000] {settings.py:283} DEBUG - settings.prepare_engine_args(): Using NullPool
[2025-04-18T00:22:23.249+0000] {taskinstance.py:844} DEBUG - Refreshing TaskInstance <TaskInstance: parquet_to_csv_to_postgres_loader.create_staging_table manual__2025-04-18T00:22:05.188674+00:00 [running]> from DB
[2025-04-18T00:22:23.286+0000] {taskinstance.py:1094} DEBUG - previous_execution_date was called
[2025-04-18T00:22:23.287+0000] {taskinstance.py:925} DEBUG - Clearing XCom data
[2025-04-18T00:22:23.295+0000] {retries.py:93} DEBUG - Running RenderedTaskInstanceFields.write with retries. Try 1 of 3
[2025-04-18T00:22:23.317+0000] {retries.py:93} DEBUG - Running RenderedTaskInstanceFields._do_delete_old_records with retries. Try 1 of 3
[2025-04-18T00:22:23.329+0000] {taskinstance.py:1662} INFO - Exporting env vars: AIRFLOW_CTX_DAG_OWNER='airflow' AIRFLOW_CTX_DAG_ID='parquet_to_csv_to_postgres_loader' AIRFLOW_CTX_TASK_ID='create_staging_table' AIRFLOW_CTX_EXECUTION_DATE='2025-04-18T00:22:05.188674+00:00' AIRFLOW_CTX_TRY_NUMBER='1' AIRFLOW_CTX_DAG_RUN_ID='manual__2025-04-18T00:22:05.188674+00:00'
[2025-04-18T00:22:23.329+0000] {__init__.py:116} DEBUG - Preparing lineage inlets and outlets
[2025-04-18T00:22:23.330+0000] {__init__.py:157} DEBUG - inlets: [], outlets: []
[2025-04-18T00:22:23.330+0000] {sql.py:274} INFO - Executing: 
        CREATE TABLE IF NOT EXISTS staging_table (
        id INT,
        name TEXT,
        age INT
    );
    
[2025-04-18T00:22:23.330+0000] {sql.py:147} DEBUG - Get connection for postgres_default
[2025-04-18T00:22:23.341+0000] {base.py:73} INFO - Using connection ID 'postgres_default' for task execution.
[2025-04-18T00:22:23.341+0000] {providers_manager.py:366} DEBUG - Initializing Providers Manager[hooks]
[2025-04-18T00:22:23.342+0000] {providers_manager.py:369} DEBUG - Initialization of Providers Manager[hooks] took 0.00 seconds
[2025-04-18T00:22:23.343+0000] {sql.py:381} DEBUG - Executing following statements against DB: ['\n        CREATE TABLE IF NOT EXISTS staging_table (\n        id INT,\n        name TEXT,\n        age INT\n    );\n    ']
[2025-04-18T00:22:23.351+0000] {base.py:73} INFO - Using connection ID 'postgres_default' for task execution.
[2025-04-18T00:22:23.358+0000] {sql.py:418} INFO - Running statement: 
        CREATE TABLE IF NOT EXISTS staging_table (
        id INT,
        name TEXT,
        age INT
    );
    , parameters: None
[2025-04-18T00:22:23.358+0000] {__init__.py:74} DEBUG - Lineage called with inlets: [], outlets: []
[2025-04-18T00:22:23.359+0000] {taskinstance.py:844} DEBUG - Refreshing TaskInstance <TaskInstance: parquet_to_csv_to_postgres_loader.create_staging_table manual__2025-04-18T00:22:05.188674+00:00 [running]> from DB
[2025-04-18T00:22:23.369+0000] {taskinstance.py:1458} DEBUG - Clearing next_method and next_kwargs.
[2025-04-18T00:22:23.369+0000] {taskinstance.py:1400} INFO - Marking task as SUCCESS. dag_id=parquet_to_csv_to_postgres_loader, task_id=create_staging_table, execution_date=20250418T002205, start_date=20250418T002223, end_date=20250418T002223
[2025-04-18T00:22:23.370+0000] {taskinstance.py:2430} DEBUG - Task Duration set to 0.191772
[2025-04-18T00:22:23.377+0000] {cli_action_loggers.py:85} DEBUG - Calling callbacks: []
[2025-04-18T00:22:23.422+0000] {local_task_job_runner.py:228} INFO - Task exited with return code 0
[2025-04-18T00:22:23.440+0000] {dagrun.py:734} DEBUG - number of tis tasks for <DagRun parquet_to_csv_to_postgres_loader @ 2025-04-18 00:22:05.188674+00:00: manual__2025-04-18T00:22:05.188674+00:00, state:running, queued_at: 2025-04-18 00:22:05.209758+00:00. externally triggered: True>: 4 task(s)
[2025-04-18T00:22:23.441+0000] {dagrun.py:755} DEBUG - number of scheduleable tasks for <DagRun parquet_to_csv_to_postgres_loader @ 2025-04-18 00:22:05.188674+00:00: manual__2025-04-18T00:22:05.188674+00:00, state:running, queued_at: 2025-04-18 00:22:05.209758+00:00. externally triggered: True>: 3 task(s)
[2025-04-18T00:22:23.441+0000] {taskinstance.py:1168} DEBUG - <TaskInstance: parquet_to_csv_to_postgres_loader.convert_parquet_to_csv manual__2025-04-18T00:22:05.188674+00:00 [None]> dependency 'Not In Retry Period' PASSED: True, The task instance was not marked for retrying.
[2025-04-18T00:22:23.442+0000] {taskinstance.py:1168} DEBUG - <TaskInstance: parquet_to_csv_to_postgres_loader.convert_parquet_to_csv manual__2025-04-18T00:22:05.188674+00:00 [None]> dependency 'Trigger Rule' PASSED: False, Task's trigger rule 'all_success' requires all upstream tasks to have succeeded, but found 1 non-success(es). upstream_states=_UpstreamTIStates(success=0, skipped=0, failed=0, upstream_failed=0, removed=0, done=0, success_setup=0, skipped_setup=0), upstream_task_ids={'create_main_table'}
[2025-04-18T00:22:23.442+0000] {taskinstance.py:1149} DEBUG - Dependencies not met for <TaskInstance: parquet_to_csv_to_postgres_loader.convert_parquet_to_csv manual__2025-04-18T00:22:05.188674+00:00 [None]>, dependency 'Trigger Rule' FAILED: Task's trigger rule 'all_success' requires all upstream tasks to have succeeded, but found 1 non-success(es). upstream_states=_UpstreamTIStates(success=0, skipped=0, failed=0, upstream_failed=0, removed=0, done=0, success_setup=0, skipped_setup=0), upstream_task_ids={'create_main_table'}
[2025-04-18T00:22:23.442+0000] {taskinstance.py:1168} DEBUG - <TaskInstance: parquet_to_csv_to_postgres_loader.convert_parquet_to_csv manual__2025-04-18T00:22:05.188674+00:00 [None]> dependency 'Previous Dagrun State' PASSED: True, The task did not have depends_on_past set.
[2025-04-18T00:22:23.442+0000] {taskinstance.py:1168} DEBUG - <TaskInstance: parquet_to_csv_to_postgres_loader.create_main_table manual__2025-04-18T00:22:05.188674+00:00 [None]> dependency 'Not In Retry Period' PASSED: True, The task instance was not marked for retrying.
[2025-04-18T00:22:23.443+0000] {taskinstance.py:1168} DEBUG - <TaskInstance: parquet_to_csv_to_postgres_loader.create_main_table manual__2025-04-18T00:22:05.188674+00:00 [None]> dependency 'Previous Dagrun State' PASSED: True, The task did not have depends_on_past set.
[2025-04-18T00:22:23.443+0000] {taskinstance.py:1159} DEBUG - Dependencies all met for dep_context=None ti=<TaskInstance: parquet_to_csv_to_postgres_loader.create_main_table manual__2025-04-18T00:22:05.188674+00:00 [None]>
[2025-04-18T00:22:23.443+0000] {taskinstance.py:1168} DEBUG - <TaskInstance: parquet_to_csv_to_postgres_loader.load_csv_to_postgres manual__2025-04-18T00:22:05.188674+00:00 [None]> dependency 'Not In Retry Period' PASSED: True, The task instance was not marked for retrying.
[2025-04-18T00:22:23.443+0000] {taskinstance.py:1168} DEBUG - <TaskInstance: parquet_to_csv_to_postgres_loader.load_csv_to_postgres manual__2025-04-18T00:22:05.188674+00:00 [None]> dependency 'Trigger Rule' PASSED: False, Task's trigger rule 'all_success' requires all upstream tasks to have succeeded, but found 1 non-success(es). upstream_states=_UpstreamTIStates(success=0, skipped=0, failed=0, upstream_failed=0, removed=0, done=0, success_setup=0, skipped_setup=0), upstream_task_ids={'convert_parquet_to_csv'}
[2025-04-18T00:22:23.444+0000] {taskinstance.py:1149} DEBUG - Dependencies not met for <TaskInstance: parquet_to_csv_to_postgres_loader.load_csv_to_postgres manual__2025-04-18T00:22:05.188674+00:00 [None]>, dependency 'Trigger Rule' FAILED: Task's trigger rule 'all_success' requires all upstream tasks to have succeeded, but found 1 non-success(es). upstream_states=_UpstreamTIStates(success=0, skipped=0, failed=0, upstream_failed=0, removed=0, done=0, success_setup=0, skipped_setup=0), upstream_task_ids={'convert_parquet_to_csv'}
[2025-04-18T00:22:23.444+0000] {taskinstance.py:1168} DEBUG - <TaskInstance: parquet_to_csv_to_postgres_loader.load_csv_to_postgres manual__2025-04-18T00:22:05.188674+00:00 [None]> dependency 'Previous Dagrun State' PASSED: True, The task did not have depends_on_past set.
[2025-04-18T00:22:23.449+0000] {taskinstance.py:2778} INFO - 1 downstream tasks scheduled from follow-on schedule check
