[2025-04-18T00:32:55.811+0000] {taskinstance.py:1094} DEBUG - previous_execution_date was called
[2025-04-18T00:32:55.824+0000] {__init__.py:51} DEBUG - Loading core task runner: StandardTaskRunner
[2025-04-18T00:32:55.839+0000] {taskinstance.py:1094} DEBUG - previous_execution_date was called
[2025-04-18T00:32:55.843+0000] {base_task_runner.py:68} DEBUG - Planning to run as the  user
[2025-04-18T00:32:55.847+0000] {taskinstance.py:844} DEBUG - Refreshing TaskInstance <TaskInstance: parquet_to_csv_to_postgres_loader.convert_parquet_to_csv scheduled__2025-04-18T00:25:00+00:00 [queued]> from DB
[2025-04-18T00:32:55.970+0000] {taskinstance.py:1168} DEBUG - <TaskInstance: parquet_to_csv_to_postgres_loader.convert_parquet_to_csv scheduled__2025-04-18T00:25:00+00:00 [queued]> dependency 'Task Instance Not Running' PASSED: True, Task is not in running state.
[2025-04-18T00:32:55.970+0000] {taskinstance.py:1168} DEBUG - <TaskInstance: parquet_to_csv_to_postgres_loader.convert_parquet_to_csv scheduled__2025-04-18T00:25:00+00:00 [queued]> dependency 'Not In Retry Period' PASSED: True, The task instance was not marked for retrying.
[2025-04-18T00:32:55.976+0000] {taskinstance.py:1168} DEBUG - <TaskInstance: parquet_to_csv_to_postgres_loader.convert_parquet_to_csv scheduled__2025-04-18T00:25:00+00:00 [queued]> dependency 'Task Instance State' PASSED: True, Task state queued was valid.
[2025-04-18T00:32:55.977+0000] {taskinstance.py:1168} DEBUG - <TaskInstance: parquet_to_csv_to_postgres_loader.convert_parquet_to_csv scheduled__2025-04-18T00:25:00+00:00 [queued]> dependency 'Previous Dagrun State' PASSED: True, The task did not have depends_on_past set.
[2025-04-18T00:32:55.977+0000] {taskinstance.py:1159} INFO - Dependencies all met for dep_context=non-requeueable deps ti=<TaskInstance: parquet_to_csv_to_postgres_loader.convert_parquet_to_csv scheduled__2025-04-18T00:25:00+00:00 [queued]>
[2025-04-18T00:32:55.978+0000] {taskinstance.py:1168} DEBUG - <TaskInstance: parquet_to_csv_to_postgres_loader.convert_parquet_to_csv scheduled__2025-04-18T00:25:00+00:00 [queued]> dependency 'Not In Retry Period' PASSED: True, The task instance was not marked for retrying.
[2025-04-18T00:32:55.979+0000] {taskinstance.py:1168} DEBUG - <TaskInstance: parquet_to_csv_to_postgres_loader.convert_parquet_to_csv scheduled__2025-04-18T00:25:00+00:00 [queued]> dependency 'Task Concurrency' PASSED: True, Task concurrency is not set.
[2025-04-18T00:32:55.980+0000] {taskinstance.py:1168} DEBUG - <TaskInstance: parquet_to_csv_to_postgres_loader.convert_parquet_to_csv scheduled__2025-04-18T00:25:00+00:00 [queued]> dependency 'Previous Dagrun State' PASSED: True, The task did not have depends_on_past set.
[2025-04-18T00:32:55.984+0000] {taskinstance.py:1168} DEBUG - <TaskInstance: parquet_to_csv_to_postgres_loader.convert_parquet_to_csv scheduled__2025-04-18T00:25:00+00:00 [queued]> dependency 'Pool Slots Available' PASSED: True, There are enough open slots in default_pool to execute the task
[2025-04-18T00:32:55.984+0000] {taskinstance.py:1159} INFO - Dependencies all met for dep_context=requeueable deps ti=<TaskInstance: parquet_to_csv_to_postgres_loader.convert_parquet_to_csv scheduled__2025-04-18T00:25:00+00:00 [queued]>
[2025-04-18T00:32:55.984+0000] {taskinstance.py:1361} INFO - Starting attempt 1 of 2
[2025-04-18T00:32:55.993+0000] {taskinstance.py:1382} INFO - Executing <Task(PythonOperator): convert_parquet_to_csv> on 2025-04-18 00:25:00+00:00
[2025-04-18T00:32:55.997+0000] {standard_task_runner.py:57} INFO - Started process 231 to run task
[2025-04-18T00:32:55.999+0000] {standard_task_runner.py:84} INFO - Running: ['airflow', 'tasks', 'run', 'parquet_to_csv_to_postgres_loader', 'convert_parquet_to_csv', 'scheduled__2025-04-18T00:25:00+00:00', '--job-id', '75', '--raw', '--subdir', 'DAGS_FOLDER/parquet_to_postgres_dbt.py', '--cfg-path', '/tmp/tmp14s67ait']
[2025-04-18T00:32:56.001+0000] {standard_task_runner.py:85} INFO - Job 75: Subtask convert_parquet_to_csv
[2025-04-18T00:32:56.001+0000] {cli_action_loggers.py:67} DEBUG - Calling callbacks: [<function default_action_log at 0xffffb126daf0>]
[2025-04-18T00:32:56.046+0000] {taskinstance.py:1094} DEBUG - previous_execution_date was called
[2025-04-18T00:32:56.049+0000] {task_command.py:416} INFO - Running <TaskInstance: parquet_to_csv_to_postgres_loader.convert_parquet_to_csv scheduled__2025-04-18T00:25:00+00:00 [running]> on host 606609f4e4b0
[2025-04-18T00:32:56.049+0000] {settings.py:351} DEBUG - Disposing DB connection pool (PID 231)
[2025-04-18T00:32:56.050+0000] {settings.py:210} DEBUG - Setting up DB connection pool (PID 231)
[2025-04-18T00:32:56.050+0000] {settings.py:283} DEBUG - settings.prepare_engine_args(): Using NullPool
[2025-04-18T00:32:56.051+0000] {taskinstance.py:844} DEBUG - Refreshing TaskInstance <TaskInstance: parquet_to_csv_to_postgres_loader.convert_parquet_to_csv scheduled__2025-04-18T00:25:00+00:00 [running]> from DB
[2025-04-18T00:32:56.092+0000] {taskinstance.py:1094} DEBUG - previous_execution_date was called
[2025-04-18T00:32:56.093+0000] {taskinstance.py:925} DEBUG - Clearing XCom data
[2025-04-18T00:32:56.100+0000] {retries.py:93} DEBUG - Running RenderedTaskInstanceFields.write with retries. Try 1 of 3
[2025-04-18T00:32:56.121+0000] {retries.py:93} DEBUG - Running RenderedTaskInstanceFields._do_delete_old_records with retries. Try 1 of 3
[2025-04-18T00:32:56.133+0000] {taskinstance.py:1662} INFO - Exporting env vars: AIRFLOW_CTX_DAG_OWNER='airflow' AIRFLOW_CTX_DAG_ID='parquet_to_csv_to_postgres_loader' AIRFLOW_CTX_TASK_ID='convert_parquet_to_csv' AIRFLOW_CTX_EXECUTION_DATE='2025-04-18T00:25:00+00:00' AIRFLOW_CTX_TRY_NUMBER='1' AIRFLOW_CTX_DAG_RUN_ID='scheduled__2025-04-18T00:25:00+00:00'
[2025-04-18T00:32:56.133+0000] {__init__.py:116} DEBUG - Preparing lineage inlets and outlets
[2025-04-18T00:32:56.133+0000] {__init__.py:157} DEBUG - inlets: [], outlets: []
[2025-04-18T00:32:56.203+0000] {logging_mixin.py:151} INFO - Successfully converted house-price.parquet to CSV
[2025-04-18T00:32:56.203+0000] {python.py:194} INFO - Done. Returned value was: None
[2025-04-18T00:32:56.204+0000] {__init__.py:74} DEBUG - Lineage called with inlets: [], outlets: []
[2025-04-18T00:32:56.204+0000] {taskinstance.py:844} DEBUG - Refreshing TaskInstance <TaskInstance: parquet_to_csv_to_postgres_loader.convert_parquet_to_csv scheduled__2025-04-18T00:25:00+00:00 [running]> from DB
[2025-04-18T00:32:56.216+0000] {taskinstance.py:1458} DEBUG - Clearing next_method and next_kwargs.
[2025-04-18T00:32:56.216+0000] {taskinstance.py:1400} INFO - Marking task as SUCCESS. dag_id=parquet_to_csv_to_postgres_loader, task_id=convert_parquet_to_csv, execution_date=20250418T002500, start_date=20250418T003255, end_date=20250418T003256
[2025-04-18T00:32:56.216+0000] {taskinstance.py:2430} DEBUG - Task Duration set to 0.238941
[2025-04-18T00:32:56.226+0000] {cli_action_loggers.py:85} DEBUG - Calling callbacks: []
[2025-04-18T00:32:56.263+0000] {local_task_job_runner.py:228} INFO - Task exited with return code 0
[2025-04-18T00:32:56.284+0000] {dagrun.py:734} DEBUG - number of tis tasks for <DagRun parquet_to_csv_to_postgres_loader @ 2025-04-18 00:25:00+00:00: scheduled__2025-04-18T00:25:00+00:00, state:running, queued_at: 2025-04-18 00:32:53.152021+00:00. externally triggered: False>: 2 task(s)
[2025-04-18T00:32:56.285+0000] {dagrun.py:755} DEBUG - number of scheduleable tasks for <DagRun parquet_to_csv_to_postgres_loader @ 2025-04-18 00:25:00+00:00: scheduled__2025-04-18T00:25:00+00:00, state:running, queued_at: 2025-04-18 00:32:53.152021+00:00. externally triggered: False>: 1 task(s)
[2025-04-18T00:32:56.285+0000] {taskinstance.py:1168} DEBUG - <TaskInstance: parquet_to_csv_to_postgres_loader.load_csv_to_postgres scheduled__2025-04-18T00:25:00+00:00 [None]> dependency 'Previous Dagrun State' PASSED: True, The task did not have depends_on_past set.
[2025-04-18T00:32:56.285+0000] {taskinstance.py:1168} DEBUG - <TaskInstance: parquet_to_csv_to_postgres_loader.load_csv_to_postgres scheduled__2025-04-18T00:25:00+00:00 [None]> dependency 'Not In Retry Period' PASSED: True, The task instance was not marked for retrying.
[2025-04-18T00:32:56.286+0000] {taskinstance.py:1159} DEBUG - Dependencies all met for dep_context=None ti=<TaskInstance: parquet_to_csv_to_postgres_loader.load_csv_to_postgres scheduled__2025-04-18T00:25:00+00:00 [None]>
[2025-04-18T00:32:56.289+0000] {taskinstance.py:2778} INFO - 1 downstream tasks scheduled from follow-on schedule check
