[2025-04-18T00:36:59.523+0000] {taskinstance.py:1094} DEBUG - previous_execution_date was called
[2025-04-18T00:36:59.543+0000] {__init__.py:51} DEBUG - Loading core task runner: StandardTaskRunner
[2025-04-18T00:36:59.558+0000] {taskinstance.py:1094} DEBUG - previous_execution_date was called
[2025-04-18T00:36:59.562+0000] {base_task_runner.py:68} DEBUG - Planning to run as the  user
[2025-04-18T00:36:59.566+0000] {taskinstance.py:844} DEBUG - Refreshing TaskInstance <TaskInstance: parquet_to_csv_to_postgres_loader.convert_parquet_to_csv scheduled__2025-04-18T00:30:00+00:00 [queued]> from DB
[2025-04-18T00:36:59.720+0000] {taskinstance.py:1168} DEBUG - <TaskInstance: parquet_to_csv_to_postgres_loader.convert_parquet_to_csv scheduled__2025-04-18T00:30:00+00:00 [queued]> dependency 'Task Instance State' PASSED: True, Task state queued was valid.
[2025-04-18T00:36:59.720+0000] {taskinstance.py:1168} DEBUG - <TaskInstance: parquet_to_csv_to_postgres_loader.convert_parquet_to_csv scheduled__2025-04-18T00:30:00+00:00 [queued]> dependency 'Not In Retry Period' PASSED: True, The task instance was not marked for retrying.
[2025-04-18T00:36:59.720+0000] {taskinstance.py:1168} DEBUG - <TaskInstance: parquet_to_csv_to_postgres_loader.convert_parquet_to_csv scheduled__2025-04-18T00:30:00+00:00 [queued]> dependency 'Previous Dagrun State' PASSED: True, The task did not have depends_on_past set.
[2025-04-18T00:36:59.721+0000] {taskinstance.py:1168} DEBUG - <TaskInstance: parquet_to_csv_to_postgres_loader.convert_parquet_to_csv scheduled__2025-04-18T00:30:00+00:00 [queued]> dependency 'Task Instance Not Running' PASSED: True, Task is not in running state.
[2025-04-18T00:36:59.721+0000] {taskinstance.py:1159} INFO - Dependencies all met for dep_context=non-requeueable deps ti=<TaskInstance: parquet_to_csv_to_postgres_loader.convert_parquet_to_csv scheduled__2025-04-18T00:30:00+00:00 [queued]>
[2025-04-18T00:36:59.723+0000] {taskinstance.py:1168} DEBUG - <TaskInstance: parquet_to_csv_to_postgres_loader.convert_parquet_to_csv scheduled__2025-04-18T00:30:00+00:00 [queued]> dependency 'Not In Retry Period' PASSED: True, The task instance was not marked for retrying.
[2025-04-18T00:36:59.726+0000] {taskinstance.py:1168} DEBUG - <TaskInstance: parquet_to_csv_to_postgres_loader.convert_parquet_to_csv scheduled__2025-04-18T00:30:00+00:00 [queued]> dependency 'Pool Slots Available' PASSED: True, There are enough open slots in default_pool to execute the task
[2025-04-18T00:36:59.727+0000] {taskinstance.py:1168} DEBUG - <TaskInstance: parquet_to_csv_to_postgres_loader.convert_parquet_to_csv scheduled__2025-04-18T00:30:00+00:00 [queued]> dependency 'Task Concurrency' PASSED: True, Task concurrency is not set.
[2025-04-18T00:36:59.727+0000] {taskinstance.py:1168} DEBUG - <TaskInstance: parquet_to_csv_to_postgres_loader.convert_parquet_to_csv scheduled__2025-04-18T00:30:00+00:00 [queued]> dependency 'Previous Dagrun State' PASSED: True, The task did not have depends_on_past set.
[2025-04-18T00:36:59.729+0000] {taskinstance.py:1159} INFO - Dependencies all met for dep_context=requeueable deps ti=<TaskInstance: parquet_to_csv_to_postgres_loader.convert_parquet_to_csv scheduled__2025-04-18T00:30:00+00:00 [queued]>
[2025-04-18T00:36:59.729+0000] {taskinstance.py:1361} INFO - Starting attempt 1 of 2
[2025-04-18T00:36:59.742+0000] {taskinstance.py:1382} INFO - Executing <Task(PythonOperator): convert_parquet_to_csv> on 2025-04-18 00:30:00+00:00
[2025-04-18T00:36:59.746+0000] {standard_task_runner.py:57} INFO - Started process 228 to run task
[2025-04-18T00:36:59.751+0000] {standard_task_runner.py:84} INFO - Running: ['airflow', 'tasks', 'run', 'parquet_to_csv_to_postgres_loader', 'convert_parquet_to_csv', 'scheduled__2025-04-18T00:30:00+00:00', '--job-id', '80', '--raw', '--subdir', 'DAGS_FOLDER/parquet_to_postgres_dbt.py', '--cfg-path', '/tmp/tmpb6sazw3f']
[2025-04-18T00:36:59.754+0000] {standard_task_runner.py:85} INFO - Job 80: Subtask convert_parquet_to_csv
[2025-04-18T00:36:59.755+0000] {cli_action_loggers.py:67} DEBUG - Calling callbacks: [<function default_action_log at 0xffffb396daf0>]
[2025-04-18T00:36:59.809+0000] {taskinstance.py:1094} DEBUG - previous_execution_date was called
[2025-04-18T00:36:59.812+0000] {task_command.py:416} INFO - Running <TaskInstance: parquet_to_csv_to_postgres_loader.convert_parquet_to_csv scheduled__2025-04-18T00:30:00+00:00 [running]> on host 1a0f8311d28b
[2025-04-18T00:36:59.812+0000] {settings.py:351} DEBUG - Disposing DB connection pool (PID 228)
[2025-04-18T00:36:59.813+0000] {settings.py:210} DEBUG - Setting up DB connection pool (PID 228)
[2025-04-18T00:36:59.813+0000] {settings.py:283} DEBUG - settings.prepare_engine_args(): Using NullPool
[2025-04-18T00:36:59.815+0000] {taskinstance.py:844} DEBUG - Refreshing TaskInstance <TaskInstance: parquet_to_csv_to_postgres_loader.convert_parquet_to_csv scheduled__2025-04-18T00:30:00+00:00 [running]> from DB
[2025-04-18T00:36:59.859+0000] {taskinstance.py:1094} DEBUG - previous_execution_date was called
[2025-04-18T00:36:59.860+0000] {taskinstance.py:925} DEBUG - Clearing XCom data
[2025-04-18T00:36:59.867+0000] {retries.py:93} DEBUG - Running RenderedTaskInstanceFields.write with retries. Try 1 of 3
[2025-04-18T00:36:59.890+0000] {retries.py:93} DEBUG - Running RenderedTaskInstanceFields._do_delete_old_records with retries. Try 1 of 3
[2025-04-18T00:36:59.902+0000] {taskinstance.py:1662} INFO - Exporting env vars: AIRFLOW_CTX_DAG_OWNER='airflow' AIRFLOW_CTX_DAG_ID='parquet_to_csv_to_postgres_loader' AIRFLOW_CTX_TASK_ID='convert_parquet_to_csv' AIRFLOW_CTX_EXECUTION_DATE='2025-04-18T00:30:00+00:00' AIRFLOW_CTX_TRY_NUMBER='1' AIRFLOW_CTX_DAG_RUN_ID='scheduled__2025-04-18T00:30:00+00:00'
[2025-04-18T00:36:59.903+0000] {__init__.py:116} DEBUG - Preparing lineage inlets and outlets
[2025-04-18T00:36:59.904+0000] {__init__.py:157} DEBUG - inlets: [], outlets: []
[2025-04-18T00:36:59.994+0000] {logging_mixin.py:151} INFO - Successfully converted house-price.parquet to CSV
[2025-04-18T00:36:59.994+0000] {python.py:194} INFO - Done. Returned value was: None
[2025-04-18T00:36:59.995+0000] {__init__.py:74} DEBUG - Lineage called with inlets: [], outlets: []
[2025-04-18T00:36:59.995+0000] {taskinstance.py:844} DEBUG - Refreshing TaskInstance <TaskInstance: parquet_to_csv_to_postgres_loader.convert_parquet_to_csv scheduled__2025-04-18T00:30:00+00:00 [running]> from DB
[2025-04-18T00:37:00.007+0000] {taskinstance.py:1458} DEBUG - Clearing next_method and next_kwargs.
[2025-04-18T00:37:00.008+0000] {taskinstance.py:1400} INFO - Marking task as SUCCESS. dag_id=parquet_to_csv_to_postgres_loader, task_id=convert_parquet_to_csv, execution_date=20250418T003000, start_date=20250418T003659, end_date=20250418T003700
[2025-04-18T00:37:00.008+0000] {taskinstance.py:2430} DEBUG - Task Duration set to 0.286224
[2025-04-18T00:37:00.018+0000] {cli_action_loggers.py:85} DEBUG - Calling callbacks: []
[2025-04-18T00:37:00.061+0000] {local_task_job_runner.py:228} INFO - Task exited with return code 0
[2025-04-18T00:37:00.081+0000] {dagrun.py:734} DEBUG - number of tis tasks for <DagRun parquet_to_csv_to_postgres_loader @ 2025-04-18 00:30:00+00:00: scheduled__2025-04-18T00:30:00+00:00, state:running, queued_at: 2025-04-18 00:36:56.904344+00:00. externally triggered: False>: 2 task(s)
[2025-04-18T00:37:00.082+0000] {dagrun.py:755} DEBUG - number of scheduleable tasks for <DagRun parquet_to_csv_to_postgres_loader @ 2025-04-18 00:30:00+00:00: scheduled__2025-04-18T00:30:00+00:00, state:running, queued_at: 2025-04-18 00:36:56.904344+00:00. externally triggered: False>: 1 task(s)
[2025-04-18T00:37:00.082+0000] {taskinstance.py:1168} DEBUG - <TaskInstance: parquet_to_csv_to_postgres_loader.load_csv_to_postgres scheduled__2025-04-18T00:30:00+00:00 [None]> dependency 'Previous Dagrun State' PASSED: True, The task did not have depends_on_past set.
[2025-04-18T00:37:00.082+0000] {taskinstance.py:1168} DEBUG - <TaskInstance: parquet_to_csv_to_postgres_loader.load_csv_to_postgres scheduled__2025-04-18T00:30:00+00:00 [None]> dependency 'Not In Retry Period' PASSED: True, The task instance was not marked for retrying.
[2025-04-18T00:37:00.083+0000] {taskinstance.py:1159} DEBUG - Dependencies all met for dep_context=None ti=<TaskInstance: parquet_to_csv_to_postgres_loader.load_csv_to_postgres scheduled__2025-04-18T00:30:00+00:00 [None]>
[2025-04-18T00:37:00.087+0000] {taskinstance.py:2778} INFO - 1 downstream tasks scheduled from follow-on schedule check
