[2025-04-18T00:46:13.854+0000] {taskinstance.py:1094} DEBUG - previous_execution_date was called
[2025-04-18T00:46:13.869+0000] {__init__.py:51} DEBUG - Loading core task runner: StandardTaskRunner
[2025-04-18T00:46:13.887+0000] {taskinstance.py:1094} DEBUG - previous_execution_date was called
[2025-04-18T00:46:13.889+0000] {base_task_runner.py:68} DEBUG - Planning to run as the  user
[2025-04-18T00:46:13.893+0000] {taskinstance.py:844} DEBUG - Refreshing TaskInstance <TaskInstance: parquet_to_csv_to_postgres_loader.convert_parquet_to_csv scheduled__2025-04-18T00:40:00+00:00 [queued]> from DB
[2025-04-18T00:46:14.147+0000] {taskinstance.py:1168} DEBUG - <TaskInstance: parquet_to_csv_to_postgres_loader.convert_parquet_to_csv scheduled__2025-04-18T00:40:00+00:00 [queued]> dependency 'Task Instance State' PASSED: True, Task state queued was valid.
[2025-04-18T00:46:14.148+0000] {taskinstance.py:1168} DEBUG - <TaskInstance: parquet_to_csv_to_postgres_loader.convert_parquet_to_csv scheduled__2025-04-18T00:40:00+00:00 [queued]> dependency 'Previous Dagrun State' PASSED: True, The task did not have depends_on_past set.
[2025-04-18T00:46:14.149+0000] {taskinstance.py:1168} DEBUG - <TaskInstance: parquet_to_csv_to_postgres_loader.convert_parquet_to_csv scheduled__2025-04-18T00:40:00+00:00 [queued]> dependency 'Not In Retry Period' PASSED: True, The task instance was not marked for retrying.
[2025-04-18T00:46:14.156+0000] {taskinstance.py:1168} DEBUG - <TaskInstance: parquet_to_csv_to_postgres_loader.convert_parquet_to_csv scheduled__2025-04-18T00:40:00+00:00 [queued]> dependency 'Task Instance Not Running' PASSED: True, Task is not in running state.
[2025-04-18T00:46:14.156+0000] {taskinstance.py:1159} INFO - Dependencies all met for dep_context=non-requeueable deps ti=<TaskInstance: parquet_to_csv_to_postgres_loader.convert_parquet_to_csv scheduled__2025-04-18T00:40:00+00:00 [queued]>
[2025-04-18T00:46:14.157+0000] {taskinstance.py:1168} DEBUG - <TaskInstance: parquet_to_csv_to_postgres_loader.convert_parquet_to_csv scheduled__2025-04-18T00:40:00+00:00 [queued]> dependency 'Previous Dagrun State' PASSED: True, The task did not have depends_on_past set.
[2025-04-18T00:46:14.157+0000] {taskinstance.py:1168} DEBUG - <TaskInstance: parquet_to_csv_to_postgres_loader.convert_parquet_to_csv scheduled__2025-04-18T00:40:00+00:00 [queued]> dependency 'Not In Retry Period' PASSED: True, The task instance was not marked for retrying.
[2025-04-18T00:46:14.163+0000] {taskinstance.py:1168} DEBUG - <TaskInstance: parquet_to_csv_to_postgres_loader.convert_parquet_to_csv scheduled__2025-04-18T00:40:00+00:00 [queued]> dependency 'Pool Slots Available' PASSED: True, There are enough open slots in default_pool to execute the task
[2025-04-18T00:46:14.165+0000] {taskinstance.py:1168} DEBUG - <TaskInstance: parquet_to_csv_to_postgres_loader.convert_parquet_to_csv scheduled__2025-04-18T00:40:00+00:00 [queued]> dependency 'Task Concurrency' PASSED: True, Task concurrency is not set.
[2025-04-18T00:46:14.165+0000] {taskinstance.py:1159} INFO - Dependencies all met for dep_context=requeueable deps ti=<TaskInstance: parquet_to_csv_to_postgres_loader.convert_parquet_to_csv scheduled__2025-04-18T00:40:00+00:00 [queued]>
[2025-04-18T00:46:14.166+0000] {taskinstance.py:1361} INFO - Starting attempt 1 of 2
[2025-04-18T00:46:14.178+0000] {taskinstance.py:1382} INFO - Executing <Task(PythonOperator): convert_parquet_to_csv> on 2025-04-18 00:40:00+00:00
[2025-04-18T00:46:14.184+0000] {standard_task_runner.py:57} INFO - Started process 234 to run task
[2025-04-18T00:46:14.187+0000] {standard_task_runner.py:84} INFO - Running: ['airflow', 'tasks', 'run', 'parquet_to_csv_to_postgres_loader', 'convert_parquet_to_csv', 'scheduled__2025-04-18T00:40:00+00:00', '--job-id', '91', '--raw', '--subdir', 'DAGS_FOLDER/parquet_to_postgres_dbt.py', '--cfg-path', '/tmp/tmp96fwliip']
[2025-04-18T00:46:14.189+0000] {standard_task_runner.py:85} INFO - Job 91: Subtask convert_parquet_to_csv
[2025-04-18T00:46:14.189+0000] {cli_action_loggers.py:67} DEBUG - Calling callbacks: [<function default_action_log at 0xffff87cf3af0>]
[2025-04-18T00:46:14.242+0000] {taskinstance.py:1094} DEBUG - previous_execution_date was called
[2025-04-18T00:46:14.246+0000] {task_command.py:416} INFO - Running <TaskInstance: parquet_to_csv_to_postgres_loader.convert_parquet_to_csv scheduled__2025-04-18T00:40:00+00:00 [running]> on host db93126267f8
[2025-04-18T00:46:14.246+0000] {settings.py:351} DEBUG - Disposing DB connection pool (PID 234)
[2025-04-18T00:46:14.247+0000] {settings.py:210} DEBUG - Setting up DB connection pool (PID 234)
[2025-04-18T00:46:14.247+0000] {settings.py:283} DEBUG - settings.prepare_engine_args(): Using NullPool
[2025-04-18T00:46:14.248+0000] {taskinstance.py:844} DEBUG - Refreshing TaskInstance <TaskInstance: parquet_to_csv_to_postgres_loader.convert_parquet_to_csv scheduled__2025-04-18T00:40:00+00:00 [running]> from DB
[2025-04-18T00:46:14.292+0000] {taskinstance.py:1094} DEBUG - previous_execution_date was called
[2025-04-18T00:46:14.294+0000] {taskinstance.py:925} DEBUG - Clearing XCom data
[2025-04-18T00:46:14.303+0000] {retries.py:93} DEBUG - Running RenderedTaskInstanceFields.write with retries. Try 1 of 3
[2025-04-18T00:46:14.334+0000] {retries.py:93} DEBUG - Running RenderedTaskInstanceFields._do_delete_old_records with retries. Try 1 of 3
[2025-04-18T00:46:14.351+0000] {taskinstance.py:1662} INFO - Exporting env vars: AIRFLOW_CTX_DAG_OWNER='airflow' AIRFLOW_CTX_DAG_ID='parquet_to_csv_to_postgres_loader' AIRFLOW_CTX_TASK_ID='convert_parquet_to_csv' AIRFLOW_CTX_EXECUTION_DATE='2025-04-18T00:40:00+00:00' AIRFLOW_CTX_TRY_NUMBER='1' AIRFLOW_CTX_DAG_RUN_ID='scheduled__2025-04-18T00:40:00+00:00'
[2025-04-18T00:46:14.351+0000] {__init__.py:116} DEBUG - Preparing lineage inlets and outlets
[2025-04-18T00:46:14.352+0000] {__init__.py:157} DEBUG - inlets: [], outlets: []
[2025-04-18T00:46:14.443+0000] {logging_mixin.py:151} INFO - Successfully converted house-price.parquet to CSV
[2025-04-18T00:46:14.444+0000] {python.py:194} INFO - Done. Returned value was: None
[2025-04-18T00:46:14.444+0000] {__init__.py:74} DEBUG - Lineage called with inlets: [], outlets: []
[2025-04-18T00:46:14.445+0000] {taskinstance.py:844} DEBUG - Refreshing TaskInstance <TaskInstance: parquet_to_csv_to_postgres_loader.convert_parquet_to_csv scheduled__2025-04-18T00:40:00+00:00 [running]> from DB
[2025-04-18T00:46:14.460+0000] {taskinstance.py:1458} DEBUG - Clearing next_method and next_kwargs.
[2025-04-18T00:46:14.460+0000] {taskinstance.py:1400} INFO - Marking task as SUCCESS. dag_id=parquet_to_csv_to_postgres_loader, task_id=convert_parquet_to_csv, execution_date=20250418T004000, start_date=20250418T004614, end_date=20250418T004614
[2025-04-18T00:46:14.461+0000] {taskinstance.py:2430} DEBUG - Task Duration set to 0.303671
[2025-04-18T00:46:14.471+0000] {cli_action_loggers.py:85} DEBUG - Calling callbacks: []
[2025-04-18T00:46:14.490+0000] {local_task_job_runner.py:228} INFO - Task exited with return code 0
[2025-04-18T00:46:14.522+0000] {dagrun.py:734} DEBUG - number of tis tasks for <DagRun parquet_to_csv_to_postgres_loader @ 2025-04-18 00:40:00+00:00: scheduled__2025-04-18T00:40:00+00:00, state:running, queued_at: 2025-04-18 00:46:09.208462+00:00. externally triggered: False>: 2 task(s)
[2025-04-18T00:46:14.522+0000] {dagrun.py:755} DEBUG - number of scheduleable tasks for <DagRun parquet_to_csv_to_postgres_loader @ 2025-04-18 00:40:00+00:00: scheduled__2025-04-18T00:40:00+00:00, state:running, queued_at: 2025-04-18 00:46:09.208462+00:00. externally triggered: False>: 1 task(s)
[2025-04-18T00:46:14.523+0000] {taskinstance.py:1168} DEBUG - <TaskInstance: parquet_to_csv_to_postgres_loader.load_csv_to_postgres scheduled__2025-04-18T00:40:00+00:00 [None]> dependency 'Not In Retry Period' PASSED: True, The task instance was not marked for retrying.
[2025-04-18T00:46:14.523+0000] {taskinstance.py:1168} DEBUG - <TaskInstance: parquet_to_csv_to_postgres_loader.load_csv_to_postgres scheduled__2025-04-18T00:40:00+00:00 [None]> dependency 'Previous Dagrun State' PASSED: True, The task did not have depends_on_past set.
[2025-04-18T00:46:14.524+0000] {taskinstance.py:1159} DEBUG - Dependencies all met for dep_context=None ti=<TaskInstance: parquet_to_csv_to_postgres_loader.load_csv_to_postgres scheduled__2025-04-18T00:40:00+00:00 [None]>
[2025-04-18T00:46:14.527+0000] {taskinstance.py:2778} INFO - 1 downstream tasks scheduled from follow-on schedule check
