[2025-04-17T22:46:48.274+0000] {manager.py:487} INFO - Processing files using up to 2 processes at a time 
[2025-04-17T22:46:48.275+0000] {manager.py:488} INFO - Process each file at most once every 30 seconds
[2025-04-17T22:46:48.275+0000] {manager.py:489} INFO - Checking for new files in /opt/airflow/dags every 300 seconds
[2025-04-17T22:46:48.276+0000] {manager.py:755} INFO - Searching for files in /opt/airflow/dags
[2025-04-17T22:46:48.281+0000] {manager.py:758} INFO - There are 1 files in /opt/airflow/dags
[2025-04-17T22:46:48.364+0000] {manager.py:887} INFO - 
================================================================================
DAG File Processing Stats

File Path                                       PID  Runtime      # DAGs    # Errors  Last Runtime    Last Run
--------------------------------------------  -----  ---------  --------  ----------  --------------  ----------
/opt/airflow/dags/parquet_to_postgres_dbt.py    193  0.03s             0           0
================================================================================
[2025-04-17T22:47:18.672+0000] {manager.py:887} INFO - 
================================================================================
DAG File Processing Stats

File Path                                       PID  Runtime      # DAGs    # Errors  Last Runtime    Last Run
--------------------------------------------  -----  ---------  --------  ----------  --------------  -------------------
/opt/airflow/dags/parquet_to_postgres_dbt.py    213  0.02s             0           1  0.28s           2025-04-17T22:46:48
================================================================================
[2025-04-17T22:47:49.143+0000] {manager.py:887} INFO - 
================================================================================
DAG File Processing Stats

File Path                                     PID    Runtime      # DAGs    # Errors  Last Runtime    Last Run
--------------------------------------------  -----  ---------  --------  ----------  --------------  -------------------
/opt/airflow/dags/parquet_to_postgres_dbt.py                           0           1  0.64s           2025-04-17T22:47:19
================================================================================
[2025-04-17T22:48:19.513+0000] {manager.py:887} INFO - 
================================================================================
DAG File Processing Stats

File Path                                     PID    Runtime      # DAGs    # Errors  Last Runtime    Last Run
--------------------------------------------  -----  ---------  --------  ----------  --------------  -------------------
/opt/airflow/dags/parquet_to_postgres_dbt.py                           0           1  0.58s           2025-04-17T22:47:50
================================================================================
[2025-04-17T22:48:49.884+0000] {manager.py:887} INFO - 
================================================================================
DAG File Processing Stats

File Path                                     PID    Runtime      # DAGs    # Errors  Last Runtime    Last Run
--------------------------------------------  -----  ---------  --------  ----------  --------------  -------------------
/opt/airflow/dags/parquet_to_postgres_dbt.py                           0           1  0.65s           2025-04-17T22:48:21
================================================================================
[2025-04-17T22:49:20.185+0000] {manager.py:887} INFO - 
================================================================================
DAG File Processing Stats

File Path                                     PID    Runtime      # DAGs    # Errors  Last Runtime    Last Run
--------------------------------------------  -----  ---------  --------  ----------  --------------  -------------------
/opt/airflow/dags/parquet_to_postgres_dbt.py                           0           1  0.61s           2025-04-17T22:48:52
================================================================================
[2025-04-17T22:49:50.461+0000] {manager.py:887} INFO - 
================================================================================
DAG File Processing Stats

File Path                                     PID    Runtime      # DAGs    # Errors  Last Runtime    Last Run
--------------------------------------------  -----  ---------  --------  ----------  --------------  -------------------
/opt/airflow/dags/parquet_to_postgres_dbt.py                           1           0  0.79s           2025-04-17T22:49:39
================================================================================
[2025-04-17T22:50:17.094+0000] {manager.py:487} INFO - Processing files using up to 2 processes at a time 
[2025-04-17T22:50:17.095+0000] {manager.py:488} INFO - Process each file at most once every 30 seconds
[2025-04-17T22:50:17.095+0000] {manager.py:489} INFO - Checking for new files in /opt/airflow/dags every 300 seconds
[2025-04-17T22:50:17.096+0000] {manager.py:755} INFO - Searching for files in /opt/airflow/dags
[2025-04-17T22:50:17.103+0000] {manager.py:758} INFO - There are 1 files in /opt/airflow/dags
[2025-04-17T22:50:17.240+0000] {manager.py:887} INFO - 
================================================================================
DAG File Processing Stats

File Path                                       PID  Runtime      # DAGs    # Errors  Last Runtime    Last Run
--------------------------------------------  -----  ---------  --------  ----------  --------------  ----------
/opt/airflow/dags/parquet_to_postgres_dbt.py    193  0.05s             0           0
================================================================================
[2025-04-17T22:50:47.489+0000] {manager.py:887} INFO - 
================================================================================
DAG File Processing Stats

File Path                                     PID    Runtime      # DAGs    # Errors  Last Runtime    Last Run
--------------------------------------------  -----  ---------  --------  ----------  --------------  -------------------
/opt/airflow/dags/parquet_to_postgres_dbt.py                           1           0  0.64s           2025-04-17T22:50:17
================================================================================
[2025-04-17T22:51:17.802+0000] {manager.py:887} INFO - 
================================================================================
DAG File Processing Stats

File Path                                     PID    Runtime      # DAGs    # Errors  Last Runtime    Last Run
--------------------------------------------  -----  ---------  --------  ----------  --------------  -------------------
/opt/airflow/dags/parquet_to_postgres_dbt.py                           1           0  0.60s           2025-04-17T22:50:48
================================================================================
[2025-04-17T22:51:48.267+0000] {manager.py:887} INFO - 
================================================================================
DAG File Processing Stats

File Path                                     PID    Runtime      # DAGs    # Errors  Last Runtime    Last Run
--------------------------------------------  -----  ---------  --------  ----------  --------------  -------------------
/opt/airflow/dags/parquet_to_postgres_dbt.py                           1           0  0.59s           2025-04-17T22:51:19
================================================================================
[2025-04-17T22:52:18.568+0000] {manager.py:887} INFO - 
================================================================================
DAG File Processing Stats

File Path                                     PID    Runtime      # DAGs    # Errors  Last Runtime    Last Run
--------------------------------------------  -----  ---------  --------  ----------  --------------  -------------------
/opt/airflow/dags/parquet_to_postgres_dbt.py                           1           0  0.63s           2025-04-17T22:51:50
================================================================================
[2025-04-17T22:52:48.920+0000] {manager.py:887} INFO - 
================================================================================
DAG File Processing Stats

File Path                                     PID    Runtime      # DAGs    # Errors  Last Runtime    Last Run
--------------------------------------------  -----  ---------  --------  ----------  --------------  -------------------
/opt/airflow/dags/parquet_to_postgres_dbt.py                           1           0  0.59s           2025-04-17T22:52:21
================================================================================
[2025-04-17T22:53:19.228+0000] {manager.py:887} INFO - 
================================================================================
DAG File Processing Stats

File Path                                     PID    Runtime      # DAGs    # Errors  Last Runtime    Last Run
--------------------------------------------  -----  ---------  --------  ----------  --------------  -------------------
/opt/airflow/dags/parquet_to_postgres_dbt.py                           1           0  0.60s           2025-04-17T22:52:52
================================================================================
[2025-04-17T22:53:49.667+0000] {manager.py:887} INFO - 
================================================================================
DAG File Processing Stats

File Path                                     PID    Runtime      # DAGs    # Errors  Last Runtime    Last Run
--------------------------------------------  -----  ---------  --------  ----------  --------------  -------------------
/opt/airflow/dags/parquet_to_postgres_dbt.py                           1           0  0.61s           2025-04-17T22:53:22
================================================================================
[2025-04-17T22:54:20.011+0000] {manager.py:887} INFO - 
================================================================================
DAG File Processing Stats

File Path                                     PID    Runtime      # DAGs    # Errors  Last Runtime    Last Run
--------------------------------------------  -----  ---------  --------  ----------  --------------  -------------------
/opt/airflow/dags/parquet_to_postgres_dbt.py                           1           0  0.59s           2025-04-17T22:53:53
================================================================================
[2025-04-17T22:54:50.359+0000] {manager.py:887} INFO - 
================================================================================
DAG File Processing Stats

File Path                                     PID    Runtime      # DAGs    # Errors  Last Runtime    Last Run
--------------------------------------------  -----  ---------  --------  ----------  --------------  -------------------
/opt/airflow/dags/parquet_to_postgres_dbt.py                           1           0  0.65s           2025-04-17T22:54:24
================================================================================
[2025-04-17T22:55:17.660+0000] {manager.py:755} INFO - Searching for files in /opt/airflow/dags
[2025-04-17T22:55:17.672+0000] {manager.py:758} INFO - There are 1 files in /opt/airflow/dags
[2025-04-17T22:55:20.718+0000] {manager.py:887} INFO - 
================================================================================
DAG File Processing Stats

File Path                                     PID    Runtime      # DAGs    # Errors  Last Runtime    Last Run
--------------------------------------------  -----  ---------  --------  ----------  --------------  -------------------
/opt/airflow/dags/parquet_to_postgres_dbt.py                           1           0  0.73s           2025-04-17T22:54:55
================================================================================
[2025-04-17T22:55:51.330+0000] {manager.py:887} INFO - 
================================================================================
DAG File Processing Stats

File Path                                     PID    Runtime      # DAGs    # Errors  Last Runtime    Last Run
--------------------------------------------  -----  ---------  --------  ----------  --------------  -------------------
/opt/airflow/dags/parquet_to_postgres_dbt.py                           1           0  0.59s           2025-04-17T22:55:26
================================================================================
[2025-04-17T22:56:21.575+0000] {manager.py:887} INFO - 
================================================================================
DAG File Processing Stats

File Path                                     PID    Runtime      # DAGs    # Errors  Last Runtime    Last Run
--------------------------------------------  -----  ---------  --------  ----------  --------------  -------------------
/opt/airflow/dags/parquet_to_postgres_dbt.py                           1           0  0.64s           2025-04-17T22:55:57
================================================================================
[2025-04-17T22:56:51.605+0000] {manager.py:887} INFO - 
================================================================================
DAG File Processing Stats

File Path                                     PID    Runtime      # DAGs    # Errors  Last Runtime    Last Run
--------------------------------------------  -----  ---------  --------  ----------  --------------  -------------------
/opt/airflow/dags/parquet_to_postgres_dbt.py                           1           0  0.71s           2025-04-17T22:56:28
================================================================================
[2025-04-17T22:57:38.772+0000] {manager.py:487} INFO - Processing files using up to 2 processes at a time 
[2025-04-17T22:57:38.772+0000] {manager.py:488} INFO - Process each file at most once every 30 seconds
[2025-04-17T22:57:38.773+0000] {manager.py:489} INFO - Checking for new files in /opt/airflow/dags every 300 seconds
[2025-04-17T22:57:38.773+0000] {manager.py:755} INFO - Searching for files in /opt/airflow/dags
[2025-04-17T22:57:38.778+0000] {manager.py:758} INFO - There are 1 files in /opt/airflow/dags
[2025-04-17T22:57:38.891+0000] {manager.py:887} INFO - 
================================================================================
DAG File Processing Stats

File Path                                       PID  Runtime      # DAGs    # Errors  Last Runtime    Last Run
--------------------------------------------  -----  ---------  --------  ----------  --------------  ----------
/opt/airflow/dags/parquet_to_postgres_dbt.py    193  0.04s             0           0
================================================================================
[2025-04-17T22:58:09.300+0000] {manager.py:887} INFO - 
================================================================================
DAG File Processing Stats

File Path                                     PID    Runtime      # DAGs    # Errors  Last Runtime    Last Run
--------------------------------------------  -----  ---------  --------  ----------  --------------  -------------------
/opt/airflow/dags/parquet_to_postgres_dbt.py                           1           0  0.50s           2025-04-17T22:57:39
================================================================================
[2025-04-17T22:58:39.506+0000] {manager.py:887} INFO - 
================================================================================
DAG File Processing Stats

File Path                                     PID    Runtime      # DAGs    # Errors  Last Runtime    Last Run
--------------------------------------------  -----  ---------  --------  ----------  --------------  -------------------
/opt/airflow/dags/parquet_to_postgres_dbt.py                           1           0  0.60s           2025-04-17T22:58:10
================================================================================
[2025-04-17T22:59:10.237+0000] {manager.py:887} INFO - 
================================================================================
DAG File Processing Stats

File Path                                     PID    Runtime      # DAGs    # Errors  Last Runtime    Last Run
--------------------------------------------  -----  ---------  --------  ----------  --------------  -------------------
/opt/airflow/dags/parquet_to_postgres_dbt.py                           1           0  0.68s           2025-04-17T22:58:41
================================================================================
[2025-04-17T22:59:40.770+0000] {manager.py:887} INFO - 
================================================================================
DAG File Processing Stats

File Path                                     PID    Runtime      # DAGs    # Errors  Last Runtime    Last Run
--------------------------------------------  -----  ---------  --------  ----------  --------------  -------------------
/opt/airflow/dags/parquet_to_postgres_dbt.py                           1           0  0.61s           2025-04-17T22:59:11
================================================================================
[2025-04-17T23:00:11.078+0000] {manager.py:887} INFO - 
================================================================================
DAG File Processing Stats

File Path                                     PID    Runtime      # DAGs    # Errors  Last Runtime    Last Run
--------------------------------------------  -----  ---------  --------  ----------  --------------  -------------------
/opt/airflow/dags/parquet_to_postgres_dbt.py                           1           0  0.99s           2025-04-17T22:59:43
================================================================================
[2025-04-17T23:00:41.290+0000] {manager.py:887} INFO - 
================================================================================
DAG File Processing Stats

File Path                                     PID    Runtime      # DAGs    # Errors  Last Runtime    Last Run
--------------------------------------------  -----  ---------  --------  ----------  --------------  -------------------
/opt/airflow/dags/parquet_to_postgres_dbt.py                           1           0  0.60s           2025-04-17T23:00:14
================================================================================
[2025-04-17T23:01:11.995+0000] {manager.py:887} INFO - 
================================================================================
DAG File Processing Stats

File Path                                     PID    Runtime      # DAGs    # Errors  Last Runtime    Last Run
--------------------------------------------  -----  ---------  --------  ----------  --------------  -------------------
/opt/airflow/dags/parquet_to_postgres_dbt.py                           1           0  0.62s           2025-04-17T23:00:44
================================================================================
[2025-04-17T23:01:42.151+0000] {manager.py:887} INFO - 
================================================================================
DAG File Processing Stats

File Path                                     PID    Runtime      # DAGs    # Errors  Last Runtime    Last Run
--------------------------------------------  -----  ---------  --------  ----------  --------------  -------------------
/opt/airflow/dags/parquet_to_postgres_dbt.py                           1           0  0.82s           2025-04-17T23:01:15
================================================================================
[2025-04-17T23:02:12.205+0000] {manager.py:887} INFO - 
================================================================================
DAG File Processing Stats

File Path                                     PID    Runtime      # DAGs    # Errors  Last Runtime    Last Run
--------------------------------------------  -----  ---------  --------  ----------  --------------  -------------------
/opt/airflow/dags/parquet_to_postgres_dbt.py                           1           0  0.78s           2025-04-17T23:01:46
================================================================================
[2025-04-17T23:02:39.225+0000] {manager.py:755} INFO - Searching for files in /opt/airflow/dags
[2025-04-17T23:02:39.237+0000] {manager.py:758} INFO - There are 1 files in /opt/airflow/dags
[2025-04-17T23:02:42.286+0000] {manager.py:887} INFO - 
================================================================================
DAG File Processing Stats

File Path                                     PID    Runtime      # DAGs    # Errors  Last Runtime    Last Run
--------------------------------------------  -----  ---------  --------  ----------  --------------  -------------------
/opt/airflow/dags/parquet_to_postgres_dbt.py                           1           0  0.67s           2025-04-17T23:02:17
================================================================================
[2025-04-17T23:03:12.602+0000] {manager.py:887} INFO - 
================================================================================
DAG File Processing Stats

File Path                                     PID    Runtime      # DAGs    # Errors  Last Runtime    Last Run
--------------------------------------------  -----  ---------  --------  ----------  --------------  -------------------
/opt/airflow/dags/parquet_to_postgres_dbt.py                           1           0  0.54s           2025-04-17T23:02:48
================================================================================
[2025-04-17T23:03:42.866+0000] {manager.py:887} INFO - 
================================================================================
DAG File Processing Stats

File Path                                     PID    Runtime      # DAGs    # Errors  Last Runtime    Last Run
--------------------------------------------  -----  ---------  --------  ----------  --------------  -------------------
/opt/airflow/dags/parquet_to_postgres_dbt.py                           1           0  0.63s           2025-04-17T23:03:19
================================================================================
[2025-04-17T23:04:12.907+0000] {manager.py:887} INFO - 
================================================================================
DAG File Processing Stats

File Path                                     PID    Runtime      # DAGs    # Errors  Last Runtime    Last Run
--------------------------------------------  -----  ---------  --------  ----------  --------------  -------------------
/opt/airflow/dags/parquet_to_postgres_dbt.py                           1           0  0.69s           2025-04-17T23:03:50
================================================================================
[2025-04-17T23:04:43.509+0000] {manager.py:887} INFO - 
================================================================================
DAG File Processing Stats

File Path                                     PID    Runtime      # DAGs    # Errors  Last Runtime    Last Run
--------------------------------------------  -----  ---------  --------  ----------  --------------  -------------------
/opt/airflow/dags/parquet_to_postgres_dbt.py                           1           0  0.64s           2025-04-17T23:04:21
================================================================================
[2025-04-17T23:05:13.833+0000] {manager.py:887} INFO - 
================================================================================
DAG File Processing Stats

File Path                                     PID    Runtime      # DAGs    # Errors  Last Runtime    Last Run
--------------------------------------------  -----  ---------  --------  ----------  --------------  -------------------
/opt/airflow/dags/parquet_to_postgres_dbt.py                           1           0  0.81s           2025-04-17T23:04:52
================================================================================
[2025-04-17T23:05:44.222+0000] {manager.py:887} INFO - 
================================================================================
DAG File Processing Stats

File Path                                     PID    Runtime      # DAGs    # Errors  Last Runtime    Last Run
--------------------------------------------  -----  ---------  --------  ----------  --------------  -------------------
/opt/airflow/dags/parquet_to_postgres_dbt.py                           1           0  1.17s           2025-04-17T23:05:35
================================================================================
[2025-04-17T23:06:14.654+0000] {manager.py:887} INFO - 
================================================================================
DAG File Processing Stats

File Path                                     PID    Runtime      # DAGs    # Errors  Last Runtime    Last Run
--------------------------------------------  -----  ---------  --------  ----------  --------------  -------------------
/opt/airflow/dags/parquet_to_postgres_dbt.py                           1           0  0.68s           2025-04-17T23:06:06
================================================================================
[2025-04-17T23:06:55.080+0000] {manager.py:487} INFO - Processing files using up to 2 processes at a time 
[2025-04-17T23:06:55.081+0000] {manager.py:488} INFO - Process each file at most once every 30 seconds
[2025-04-17T23:06:55.081+0000] {manager.py:489} INFO - Checking for new files in /opt/airflow/dags every 300 seconds
[2025-04-17T23:06:55.081+0000] {manager.py:755} INFO - Searching for files in /opt/airflow/dags
[2025-04-17T23:06:55.084+0000] {manager.py:758} INFO - There are 1 files in /opt/airflow/dags
[2025-04-17T23:06:55.183+0000] {manager.py:887} INFO - 
================================================================================
DAG File Processing Stats

File Path                                       PID  Runtime      # DAGs    # Errors  Last Runtime    Last Run
--------------------------------------------  -----  ---------  --------  ----------  --------------  ----------
/opt/airflow/dags/parquet_to_postgres_dbt.py    198  0.04s             0           0
================================================================================
[2025-04-17T23:07:25.467+0000] {manager.py:887} INFO - 
================================================================================
DAG File Processing Stats

File Path                                     PID    Runtime      # DAGs    # Errors  Last Runtime    Last Run
--------------------------------------------  -----  ---------  --------  ----------  --------------  -------------------
/opt/airflow/dags/parquet_to_postgres_dbt.py                           1           0  0.72s           2025-04-17T23:06:55
================================================================================
[2025-04-17T23:07:55.733+0000] {manager.py:887} INFO - 
================================================================================
DAG File Processing Stats

File Path                                     PID    Runtime      # DAGs    # Errors  Last Runtime    Last Run
--------------------------------------------  -----  ---------  --------  ----------  --------------  -------------------
/opt/airflow/dags/parquet_to_postgres_dbt.py                           1           0  0.60s           2025-04-17T23:07:26
================================================================================
[2025-04-17T23:08:26.009+0000] {manager.py:887} INFO - 
================================================================================
DAG File Processing Stats

File Path                                     PID    Runtime      # DAGs    # Errors  Last Runtime    Last Run
--------------------------------------------  -----  ---------  --------  ----------  --------------  -------------------
/opt/airflow/dags/parquet_to_postgres_dbt.py                           1           0  0.66s           2025-04-17T23:07:57
================================================================================
[2025-04-17T23:08:56.028+0000] {manager.py:887} INFO - 
================================================================================
DAG File Processing Stats

File Path                                     PID    Runtime      # DAGs    # Errors  Last Runtime    Last Run
--------------------------------------------  -----  ---------  --------  ----------  --------------  -------------------
/opt/airflow/dags/parquet_to_postgres_dbt.py                           1           0  0.70s           2025-04-17T23:08:28
================================================================================
[2025-04-17T23:09:26.329+0000] {manager.py:887} INFO - 
================================================================================
DAG File Processing Stats

File Path                                     PID    Runtime      # DAGs    # Errors  Last Runtime    Last Run
--------------------------------------------  -----  ---------  --------  ----------  --------------  -------------------
/opt/airflow/dags/parquet_to_postgres_dbt.py                           1           0  0.70s           2025-04-17T23:08:59
================================================================================
[2025-04-17T23:09:56.672+0000] {manager.py:887} INFO - 
================================================================================
DAG File Processing Stats

File Path                                     PID    Runtime      # DAGs    # Errors  Last Runtime    Last Run
--------------------------------------------  -----  ---------  --------  ----------  --------------  -------------------
/opt/airflow/dags/parquet_to_postgres_dbt.py                           1           0  0.70s           2025-04-17T23:09:30
================================================================================
[2025-04-17T23:10:26.960+0000] {manager.py:887} INFO - 
================================================================================
DAG File Processing Stats

File Path                                     PID    Runtime      # DAGs    # Errors  Last Runtime    Last Run
--------------------------------------------  -----  ---------  --------  ----------  --------------  -------------------
/opt/airflow/dags/parquet_to_postgres_dbt.py                           1           0  0.60s           2025-04-17T23:10:01
================================================================================
[2025-04-17T23:10:57.295+0000] {manager.py:887} INFO - 
================================================================================
DAG File Processing Stats

File Path                                     PID    Runtime      # DAGs    # Errors  Last Runtime    Last Run
--------------------------------------------  -----  ---------  --------  ----------  --------------  -------------------
/opt/airflow/dags/parquet_to_postgres_dbt.py                           1           0  0.57s           2025-04-17T23:10:32
================================================================================
[2025-04-17T23:11:27.804+0000] {manager.py:887} INFO - 
================================================================================
DAG File Processing Stats

File Path                                     PID    Runtime      # DAGs    # Errors  Last Runtime    Last Run
--------------------------------------------  -----  ---------  --------  ----------  --------------  -------------------
/opt/airflow/dags/parquet_to_postgres_dbt.py                           1           0  0.65s           2025-04-17T23:11:03
================================================================================
[2025-04-17T23:11:55.171+0000] {manager.py:755} INFO - Searching for files in /opt/airflow/dags
[2025-04-17T23:11:55.180+0000] {manager.py:758} INFO - There are 1 files in /opt/airflow/dags
[2025-04-17T23:11:58.101+0000] {manager.py:887} INFO - 
================================================================================
DAG File Processing Stats

File Path                                     PID    Runtime      # DAGs    # Errors  Last Runtime    Last Run
--------------------------------------------  -----  ---------  --------  ----------  --------------  -------------------
/opt/airflow/dags/parquet_to_postgres_dbt.py                           1           0  0.69s           2025-04-17T23:11:33
================================================================================
[2025-04-17T23:12:28.528+0000] {manager.py:887} INFO - 
================================================================================
DAG File Processing Stats

File Path                                     PID    Runtime      # DAGs    # Errors  Last Runtime    Last Run
--------------------------------------------  -----  ---------  --------  ----------  --------------  -------------------
/opt/airflow/dags/parquet_to_postgres_dbt.py                           1           0  0.58s           2025-04-17T23:12:04
================================================================================
[2025-04-17T23:12:58.840+0000] {manager.py:887} INFO - 
================================================================================
DAG File Processing Stats

File Path                                     PID    Runtime      # DAGs    # Errors  Last Runtime    Last Run
--------------------------------------------  -----  ---------  --------  ----------  --------------  -------------------
/opt/airflow/dags/parquet_to_postgres_dbt.py                           1           0  0.65s           2025-04-17T23:12:35
================================================================================
[2025-04-17T23:13:29.161+0000] {manager.py:887} INFO - 
================================================================================
DAG File Processing Stats

File Path                                     PID    Runtime      # DAGs    # Errors  Last Runtime    Last Run
--------------------------------------------  -----  ---------  --------  ----------  --------------  -------------------
/opt/airflow/dags/parquet_to_postgres_dbt.py                           1           0  0.68s           2025-04-17T23:13:06
================================================================================
[2025-04-17T23:13:59.476+0000] {manager.py:887} INFO - 
================================================================================
DAG File Processing Stats

File Path                                     PID    Runtime      # DAGs    # Errors  Last Runtime    Last Run
--------------------------------------------  -----  ---------  --------  ----------  --------------  -------------------
/opt/airflow/dags/parquet_to_postgres_dbt.py                           1           0  0.65s           2025-04-17T23:13:37
================================================================================
[2025-04-17T23:14:29.483+0000] {manager.py:887} INFO - 
================================================================================
DAG File Processing Stats

File Path                                     PID    Runtime      # DAGs    # Errors  Last Runtime    Last Run
--------------------------------------------  -----  ---------  --------  ----------  --------------  -------------------
/opt/airflow/dags/parquet_to_postgres_dbt.py                           1           0  0.71s           2025-04-17T23:14:08
================================================================================
[2025-04-17T23:15:00.363+0000] {manager.py:887} INFO - 
================================================================================
DAG File Processing Stats

File Path                                     PID    Runtime      # DAGs    # Errors  Last Runtime    Last Run
--------------------------------------------  -----  ---------  --------  ----------  --------------  -------------------
/opt/airflow/dags/parquet_to_postgres_dbt.py                           1           0  0.68s           2025-04-17T23:14:39
================================================================================
[2025-04-17T23:27:31.095+0000] {manager.py:487} INFO - Processing files using up to 2 processes at a time 
[2025-04-17T23:27:31.096+0000] {manager.py:488} INFO - Process each file at most once every 30 seconds
[2025-04-17T23:27:31.096+0000] {manager.py:489} INFO - Checking for new files in /opt/airflow/dags every 300 seconds
[2025-04-17T23:27:31.097+0000] {manager.py:755} INFO - Searching for files in /opt/airflow/dags
[2025-04-17T23:27:31.101+0000] {manager.py:758} INFO - There are 1 files in /opt/airflow/dags
[2025-04-17T23:27:35.868+0000] {manager.py:887} INFO - 
================================================================================
DAG File Processing Stats

File Path                                     PID    Runtime      # DAGs    # Errors  Last Runtime    Last Run
--------------------------------------------  -----  ---------  --------  ----------  --------------  -------------------
/opt/airflow/dags/parquet_to_postgres_dbt.py                           1           0  0.65s           2025-04-17T23:27:31
================================================================================
[2025-04-17T23:28:06.508+0000] {manager.py:887} INFO - 
================================================================================
DAG File Processing Stats

File Path                                     PID    Runtime      # DAGs    # Errors  Last Runtime    Last Run
--------------------------------------------  -----  ---------  --------  ----------  --------------  -------------------
/opt/airflow/dags/parquet_to_postgres_dbt.py                           1           0  0.56s           2025-04-17T23:28:02
================================================================================
[2025-04-17T23:28:36.901+0000] {manager.py:887} INFO - 
================================================================================
DAG File Processing Stats

File Path                                     PID    Runtime      # DAGs    # Errors  Last Runtime    Last Run
--------------------------------------------  -----  ---------  --------  ----------  --------------  -------------------
/opt/airflow/dags/parquet_to_postgres_dbt.py                           1           0  0.41s           2025-04-17T23:28:33
================================================================================
[2025-04-17T23:29:07.431+0000] {manager.py:887} INFO - 
================================================================================
DAG File Processing Stats

File Path                                     PID    Runtime      # DAGs    # Errors  Last Runtime    Last Run
--------------------------------------------  -----  ---------  --------  ----------  --------------  -------------------
/opt/airflow/dags/parquet_to_postgres_dbt.py                           1           0  0.59s           2025-04-17T23:29:03
================================================================================
[2025-04-17T23:29:37.608+0000] {manager.py:887} INFO - 
================================================================================
DAG File Processing Stats

File Path                                     PID    Runtime      # DAGs    # Errors  Last Runtime    Last Run
--------------------------------------------  -----  ---------  --------  ----------  --------------  -------------------
/opt/airflow/dags/parquet_to_postgres_dbt.py                           1           0  0.45s           2025-04-17T23:29:34
================================================================================
[2025-04-17T23:30:07.867+0000] {manager.py:887} INFO - 
================================================================================
DAG File Processing Stats

File Path                                     PID    Runtime      # DAGs    # Errors  Last Runtime    Last Run
--------------------------------------------  -----  ---------  --------  ----------  --------------  -------------------
/opt/airflow/dags/parquet_to_postgres_dbt.py                           1           0  0.49s           2025-04-17T23:30:05
================================================================================
[2025-04-17T23:30:38.141+0000] {manager.py:887} INFO - 
================================================================================
DAG File Processing Stats

File Path                                     PID    Runtime      # DAGs    # Errors  Last Runtime    Last Run
--------------------------------------------  -----  ---------  --------  ----------  --------------  -------------------
/opt/airflow/dags/parquet_to_postgres_dbt.py                           1           0  0.73s           2025-04-17T23:30:36
================================================================================
[2025-04-17T23:31:08.566+0000] {manager.py:887} INFO - 
================================================================================
DAG File Processing Stats

File Path                                     PID    Runtime      # DAGs    # Errors  Last Runtime    Last Run
--------------------------------------------  -----  ---------  --------  ----------  --------------  -------------------
/opt/airflow/dags/parquet_to_postgres_dbt.py                           1           0  0.56s           2025-04-17T23:31:06
================================================================================
[2025-04-17T23:31:38.809+0000] {manager.py:887} INFO - 
================================================================================
DAG File Processing Stats

File Path                                     PID    Runtime      # DAGs    # Errors  Last Runtime    Last Run
--------------------------------------------  -----  ---------  --------  ----------  --------------  -------------------
/opt/airflow/dags/parquet_to_postgres_dbt.py                           1           0  0.58s           2025-04-17T23:31:37
================================================================================
[2025-04-17T23:32:59.757+0000] {manager.py:487} INFO - Processing files using up to 2 processes at a time 
[2025-04-17T23:32:59.758+0000] {manager.py:488} INFO - Process each file at most once every 30 seconds
[2025-04-17T23:32:59.759+0000] {manager.py:489} INFO - Checking for new files in /opt/airflow/dags every 300 seconds
[2025-04-17T23:32:59.760+0000] {manager.py:755} INFO - Searching for files in /opt/airflow/dags
[2025-04-17T23:32:59.769+0000] {manager.py:758} INFO - There are 1 files in /opt/airflow/dags
[2025-04-17T23:32:59.996+0000] {manager.py:887} INFO - 
================================================================================
DAG File Processing Stats

File Path                                       PID  Runtime      # DAGs    # Errors  Last Runtime    Last Run
--------------------------------------------  -----  ---------  --------  ----------  --------------  ----------
/opt/airflow/dags/parquet_to_postgres_dbt.py    192  0.09s             0           0
================================================================================
[2025-04-17T23:33:30.224+0000] {manager.py:887} INFO - 
================================================================================
DAG File Processing Stats

File Path                                     PID    Runtime      # DAGs    # Errors  Last Runtime    Last Run
--------------------------------------------  -----  ---------  --------  ----------  --------------  -------------------
/opt/airflow/dags/parquet_to_postgres_dbt.py                           0           1  0.59s           2025-04-17T23:33:00
================================================================================
[2025-04-17T23:34:00.497+0000] {manager.py:887} INFO - 
================================================================================
DAG File Processing Stats

File Path                                     PID    Runtime      # DAGs    # Errors  Last Runtime    Last Run
--------------------------------------------  -----  ---------  --------  ----------  --------------  -------------------
/opt/airflow/dags/parquet_to_postgres_dbt.py                           0           1  0.53s           2025-04-17T23:33:31
================================================================================
[2025-04-17T23:34:30.744+0000] {manager.py:887} INFO - 
================================================================================
DAG File Processing Stats

File Path                                     PID    Runtime      # DAGs    # Errors  Last Runtime    Last Run
--------------------------------------------  -----  ---------  --------  ----------  --------------  -------------------
/opt/airflow/dags/parquet_to_postgres_dbt.py                           0           1  0.42s           2025-04-17T23:34:01
================================================================================
[2025-04-17T23:35:00.836+0000] {manager.py:887} INFO - 
================================================================================
DAG File Processing Stats

File Path                                     PID    Runtime      # DAGs    # Errors  Last Runtime    Last Run
--------------------------------------------  -----  ---------  --------  ----------  --------------  -------------------
/opt/airflow/dags/parquet_to_postgres_dbt.py                           0           1  0.39s           2025-04-17T23:34:32
================================================================================
[2025-04-17T23:35:31.117+0000] {manager.py:887} INFO - 
================================================================================
DAG File Processing Stats

File Path                                     PID    Runtime      # DAGs    # Errors  Last Runtime    Last Run
--------------------------------------------  -----  ---------  --------  ----------  --------------  -------------------
/opt/airflow/dags/parquet_to_postgres_dbt.py                           0           1  0.46s           2025-04-17T23:35:03
================================================================================
[2025-04-17T23:36:01.193+0000] {manager.py:887} INFO - 
================================================================================
DAG File Processing Stats

File Path                                     PID    Runtime      # DAGs    # Errors  Last Runtime    Last Run
--------------------------------------------  -----  ---------  --------  ----------  --------------  -------------------
/opt/airflow/dags/parquet_to_postgres_dbt.py                           0           1  0.40s           2025-04-17T23:35:33
================================================================================
[2025-04-17T23:36:31.447+0000] {manager.py:887} INFO - 
================================================================================
DAG File Processing Stats

File Path                                     PID    Runtime      # DAGs    # Errors  Last Runtime    Last Run
--------------------------------------------  -----  ---------  --------  ----------  --------------  -------------------
/opt/airflow/dags/parquet_to_postgres_dbt.py                           0           1  0.39s           2025-04-17T23:36:04
================================================================================
[2025-04-17T23:37:01.476+0000] {manager.py:887} INFO - 
================================================================================
DAG File Processing Stats

File Path                                     PID    Runtime      # DAGs    # Errors  Last Runtime    Last Run
--------------------------------------------  -----  ---------  --------  ----------  --------------  -------------------
/opt/airflow/dags/parquet_to_postgres_dbt.py                           0           1  0.38s           2025-04-17T23:36:35
================================================================================
[2025-04-17T23:37:31.753+0000] {manager.py:887} INFO - 
================================================================================
DAG File Processing Stats

File Path                                     PID    Runtime      # DAGs    # Errors  Last Runtime    Last Run
--------------------------------------------  -----  ---------  --------  ----------  --------------  -------------------
/opt/airflow/dags/parquet_to_postgres_dbt.py                           0           1  0.38s           2025-04-17T23:37:05
================================================================================
[2025-04-17T23:38:00.373+0000] {manager.py:755} INFO - Searching for files in /opt/airflow/dags
[2025-04-17T23:38:00.383+0000] {manager.py:758} INFO - There are 1 files in /opt/airflow/dags
[2025-04-17T23:38:02.419+0000] {manager.py:887} INFO - 
================================================================================
DAG File Processing Stats

File Path                                     PID    Runtime      # DAGs    # Errors  Last Runtime    Last Run
--------------------------------------------  -----  ---------  --------  ----------  --------------  -------------------
/opt/airflow/dags/parquet_to_postgres_dbt.py                           0           1  0.40s           2025-04-17T23:37:36
================================================================================
[2025-04-17T23:38:32.511+0000] {manager.py:887} INFO - 
================================================================================
DAG File Processing Stats

File Path                                     PID    Runtime      # DAGs    # Errors  Last Runtime    Last Run
--------------------------------------------  -----  ---------  --------  ----------  --------------  -------------------
/opt/airflow/dags/parquet_to_postgres_dbt.py                           0           1  0.47s           2025-04-17T23:38:07
================================================================================
[2025-04-17T23:39:02.840+0000] {manager.py:887} INFO - 
================================================================================
DAG File Processing Stats

File Path                                     PID    Runtime      # DAGs    # Errors  Last Runtime    Last Run
--------------------------------------------  -----  ---------  --------  ----------  --------------  -------------------
/opt/airflow/dags/parquet_to_postgres_dbt.py                           0           1  0.40s           2025-04-17T23:38:37
================================================================================
[2025-04-17T23:39:32.906+0000] {manager.py:887} INFO - 
================================================================================
DAG File Processing Stats

File Path                                     PID    Runtime      # DAGs    # Errors  Last Runtime    Last Run
--------------------------------------------  -----  ---------  --------  ----------  --------------  -------------------
/opt/airflow/dags/parquet_to_postgres_dbt.py                           0           1  0.37s           2025-04-17T23:39:08
================================================================================
[2025-04-17T23:40:03.269+0000] {manager.py:887} INFO - 
================================================================================
DAG File Processing Stats

File Path                                     PID    Runtime      # DAGs    # Errors  Last Runtime    Last Run
--------------------------------------------  -----  ---------  --------  ----------  --------------  -------------------
/opt/airflow/dags/parquet_to_postgres_dbt.py                           0           1  0.37s           2025-04-17T23:39:39
================================================================================
[2025-04-17T23:40:33.379+0000] {manager.py:887} INFO - 
================================================================================
DAG File Processing Stats

File Path                                     PID    Runtime      # DAGs    # Errors  Last Runtime    Last Run
--------------------------------------------  -----  ---------  --------  ----------  --------------  -------------------
/opt/airflow/dags/parquet_to_postgres_dbt.py                           0           1  0.39s           2025-04-17T23:40:10
================================================================================
[2025-04-17T23:41:03.728+0000] {manager.py:887} INFO - 
================================================================================
DAG File Processing Stats

File Path                                     PID    Runtime      # DAGs    # Errors  Last Runtime    Last Run
--------------------------------------------  -----  ---------  --------  ----------  --------------  -------------------
/opt/airflow/dags/parquet_to_postgres_dbt.py                           0           1  0.37s           2025-04-17T23:40:40
================================================================================
[2025-04-17T23:41:33.881+0000] {manager.py:887} INFO - 
================================================================================
DAG File Processing Stats

File Path                                     PID    Runtime      # DAGs    # Errors  Last Runtime    Last Run
--------------------------------------------  -----  ---------  --------  ----------  --------------  -------------------
/opt/airflow/dags/parquet_to_postgres_dbt.py                           0           1  0.46s           2025-04-17T23:41:11
================================================================================
[2025-04-17T23:42:04.215+0000] {manager.py:887} INFO - 
================================================================================
DAG File Processing Stats

File Path                                     PID    Runtime      # DAGs    # Errors  Last Runtime    Last Run
--------------------------------------------  -----  ---------  --------  ----------  --------------  -------------------
/opt/airflow/dags/parquet_to_postgres_dbt.py                           0           1  0.39s           2025-04-17T23:41:42
================================================================================
[2025-04-17T23:42:34.355+0000] {manager.py:887} INFO - 
================================================================================
DAG File Processing Stats

File Path                                     PID    Runtime      # DAGs    # Errors  Last Runtime    Last Run
--------------------------------------------  -----  ---------  --------  ----------  --------------  -------------------
/opt/airflow/dags/parquet_to_postgres_dbt.py                           0           1  0.40s           2025-04-17T23:42:13
================================================================================
[2025-04-17T23:43:00.625+0000] {manager.py:755} INFO - Searching for files in /opt/airflow/dags
[2025-04-17T23:43:00.632+0000] {manager.py:758} INFO - There are 1 files in /opt/airflow/dags
[2025-04-17T23:43:04.680+0000] {manager.py:887} INFO - 
================================================================================
DAG File Processing Stats

File Path                                     PID    Runtime      # DAGs    # Errors  Last Runtime    Last Run
--------------------------------------------  -----  ---------  --------  ----------  --------------  -------------------
/opt/airflow/dags/parquet_to_postgres_dbt.py                           0           1  0.54s           2025-04-17T23:42:43
================================================================================
[2025-04-17T23:43:34.887+0000] {manager.py:887} INFO - 
================================================================================
DAG File Processing Stats

File Path                                     PID    Runtime      # DAGs    # Errors  Last Runtime    Last Run
--------------------------------------------  -----  ---------  --------  ----------  --------------  -------------------
/opt/airflow/dags/parquet_to_postgres_dbt.py                           0           1  0.40s           2025-04-17T23:43:14
================================================================================
[2025-04-17T23:44:05.147+0000] {manager.py:887} INFO - 
================================================================================
DAG File Processing Stats

File Path                                     PID    Runtime      # DAGs    # Errors  Last Runtime    Last Run
--------------------------------------------  -----  ---------  --------  ----------  --------------  -------------------
/opt/airflow/dags/parquet_to_postgres_dbt.py                           0           1  0.56s           2025-04-17T23:43:45
================================================================================
[2025-04-17T23:44:35.439+0000] {manager.py:887} INFO - 
================================================================================
DAG File Processing Stats

File Path                                     PID    Runtime      # DAGs    # Errors  Last Runtime    Last Run
--------------------------------------------  -----  ---------  --------  ----------  --------------  -------------------
/opt/airflow/dags/parquet_to_postgres_dbt.py                           0           1  0.63s           2025-04-17T23:44:16
================================================================================
[2025-04-17T23:45:05.890+0000] {manager.py:887} INFO - 
================================================================================
DAG File Processing Stats

File Path                                     PID    Runtime      # DAGs    # Errors  Last Runtime    Last Run
--------------------------------------------  -----  ---------  --------  ----------  --------------  -------------------
/opt/airflow/dags/parquet_to_postgres_dbt.py                           0           1  0.51s           2025-04-17T23:44:47
================================================================================
[2025-04-17T23:45:36.466+0000] {manager.py:887} INFO - 
================================================================================
DAG File Processing Stats

File Path                                     PID    Runtime      # DAGs    # Errors  Last Runtime    Last Run
--------------------------------------------  -----  ---------  --------  ----------  --------------  -------------------
/opt/airflow/dags/parquet_to_postgres_dbt.py                           0           1  0.38s           2025-04-17T23:45:17
================================================================================
[2025-04-17T23:46:06.638+0000] {manager.py:887} INFO - 
================================================================================
DAG File Processing Stats

File Path                                     PID    Runtime      # DAGs    # Errors  Last Runtime    Last Run
--------------------------------------------  -----  ---------  --------  ----------  --------------  -------------------
/opt/airflow/dags/parquet_to_postgres_dbt.py                           0           1  0.56s           2025-04-17T23:45:48
================================================================================
[2025-04-17T23:46:57.086+0000] {manager.py:487} INFO - Processing files using up to 2 processes at a time 
[2025-04-17T23:46:57.086+0000] {manager.py:488} INFO - Process each file at most once every 30 seconds
[2025-04-17T23:46:57.087+0000] {manager.py:489} INFO - Checking for new files in /opt/airflow/dags every 300 seconds
[2025-04-17T23:46:57.087+0000] {manager.py:755} INFO - Searching for files in /opt/airflow/dags
[2025-04-17T23:46:57.089+0000] {manager.py:758} INFO - There are 1 files in /opt/airflow/dags
[2025-04-17T23:46:57.186+0000] {manager.py:887} INFO - 
================================================================================
DAG File Processing Stats

File Path                                       PID  Runtime      # DAGs    # Errors  Last Runtime    Last Run
--------------------------------------------  -----  ---------  --------  ----------  --------------  ----------
/opt/airflow/dags/parquet_to_postgres_dbt.py    193  0.04s             0           0
================================================================================
[2025-04-17T23:47:27.374+0000] {manager.py:887} INFO - 
================================================================================
DAG File Processing Stats

File Path                                     PID    Runtime      # DAGs    # Errors  Last Runtime    Last Run
--------------------------------------------  -----  ---------  --------  ----------  --------------  -------------------
/opt/airflow/dags/parquet_to_postgres_dbt.py                           1           0  0.66s           2025-04-17T23:46:57
================================================================================
[2025-04-17T23:47:57.626+0000] {manager.py:887} INFO - 
================================================================================
DAG File Processing Stats

File Path                                     PID    Runtime      # DAGs    # Errors  Last Runtime    Last Run
--------------------------------------------  -----  ---------  --------  ----------  --------------  -------------------
/opt/airflow/dags/parquet_to_postgres_dbt.py                           1           0  0.44s           2025-04-17T23:47:28
================================================================================
[2025-04-17T23:48:27.997+0000] {manager.py:887} INFO - 
================================================================================
DAG File Processing Stats

File Path                                     PID    Runtime      # DAGs    # Errors  Last Runtime    Last Run
--------------------------------------------  -----  ---------  --------  ----------  --------------  -------------------
/opt/airflow/dags/parquet_to_postgres_dbt.py                           1           0  0.43s           2025-04-17T23:47:59
================================================================================
[2025-04-17T23:48:58.012+0000] {manager.py:887} INFO - 
================================================================================
DAG File Processing Stats

File Path                                     PID    Runtime      # DAGs    # Errors  Last Runtime    Last Run
--------------------------------------------  -----  ---------  --------  ----------  --------------  -------------------
/opt/airflow/dags/parquet_to_postgres_dbt.py                           1           0  0.43s           2025-04-17T23:48:29
================================================================================
[2025-04-17T23:49:28.294+0000] {manager.py:887} INFO - 
================================================================================
DAG File Processing Stats

File Path                                     PID    Runtime      # DAGs    # Errors  Last Runtime    Last Run
--------------------------------------------  -----  ---------  --------  ----------  --------------  -------------------
/opt/airflow/dags/parquet_to_postgres_dbt.py                           1           0  0.54s           2025-04-17T23:49:00
================================================================================
[2025-04-17T23:49:58.596+0000] {manager.py:887} INFO - 
================================================================================
DAG File Processing Stats

File Path                                     PID    Runtime      # DAGs    # Errors  Last Runtime    Last Run
--------------------------------------------  -----  ---------  --------  ----------  --------------  -------------------
/opt/airflow/dags/parquet_to_postgres_dbt.py                           1           0  0.49s           2025-04-17T23:49:31
================================================================================
[2025-04-17T23:50:28.877+0000] {manager.py:887} INFO - 
================================================================================
DAG File Processing Stats

File Path                                     PID    Runtime      # DAGs    # Errors  Last Runtime    Last Run
--------------------------------------------  -----  ---------  --------  ----------  --------------  -------------------
/opt/airflow/dags/parquet_to_postgres_dbt.py                           1           0  0.56s           2025-04-17T23:50:02
================================================================================
[2025-04-17T23:51:11.183+0000] {manager.py:487} INFO - Processing files using up to 2 processes at a time 
[2025-04-17T23:51:11.183+0000] {manager.py:488} INFO - Process each file at most once every 30 seconds
[2025-04-17T23:51:11.184+0000] {manager.py:489} INFO - Checking for new files in /opt/airflow/dags every 300 seconds
[2025-04-17T23:51:11.185+0000] {manager.py:755} INFO - Searching for files in /opt/airflow/dags
[2025-04-17T23:51:11.191+0000] {manager.py:758} INFO - There are 1 files in /opt/airflow/dags
[2025-04-17T23:51:11.365+0000] {manager.py:887} INFO - 
================================================================================
DAG File Processing Stats

File Path                                       PID  Runtime      # DAGs    # Errors  Last Runtime    Last Run
--------------------------------------------  -----  ---------  --------  ----------  --------------  ----------
/opt/airflow/dags/parquet_to_postgres_dbt.py    192  0.07s             0           0
================================================================================
[2025-04-17T23:51:41.586+0000] {manager.py:887} INFO - 
================================================================================
DAG File Processing Stats

File Path                                     PID    Runtime      # DAGs    # Errors  Last Runtime    Last Run
--------------------------------------------  -----  ---------  --------  ----------  --------------  -------------------
/opt/airflow/dags/parquet_to_postgres_dbt.py                           1           0  0.66s           2025-04-17T23:51:11
================================================================================
[2025-04-17T23:52:11.874+0000] {manager.py:887} INFO - 
================================================================================
DAG File Processing Stats

File Path                                     PID    Runtime      # DAGs    # Errors  Last Runtime    Last Run
--------------------------------------------  -----  ---------  --------  ----------  --------------  -------------------
/opt/airflow/dags/parquet_to_postgres_dbt.py                           1           0  0.55s           2025-04-17T23:51:42
================================================================================
[2025-04-17T23:52:42.326+0000] {manager.py:887} INFO - 
================================================================================
DAG File Processing Stats

File Path                                     PID    Runtime      # DAGs    # Errors  Last Runtime    Last Run
--------------------------------------------  -----  ---------  --------  ----------  --------------  -------------------
/opt/airflow/dags/parquet_to_postgres_dbt.py                           1           0  0.48s           2025-04-17T23:52:13
================================================================================
[2025-04-17T23:53:12.374+0000] {manager.py:887} INFO - 
================================================================================
DAG File Processing Stats

File Path                                     PID    Runtime      # DAGs    # Errors  Last Runtime    Last Run
--------------------------------------------  -----  ---------  --------  ----------  --------------  -------------------
/opt/airflow/dags/parquet_to_postgres_dbt.py                           1           0  0.53s           2025-04-17T23:52:44
================================================================================
[2025-04-17T23:53:42.633+0000] {manager.py:887} INFO - 
================================================================================
DAG File Processing Stats

File Path                                     PID    Runtime      # DAGs    # Errors  Last Runtime    Last Run
--------------------------------------------  -----  ---------  --------  ----------  --------------  -------------------
/opt/airflow/dags/parquet_to_postgres_dbt.py                           1           0  0.45s           2025-04-17T23:53:14
================================================================================
[2025-04-17T23:54:12.937+0000] {manager.py:887} INFO - 
================================================================================
DAG File Processing Stats

File Path                                     PID    Runtime      # DAGs    # Errors  Last Runtime    Last Run
--------------------------------------------  -----  ---------  --------  ----------  --------------  -------------------
/opt/airflow/dags/parquet_to_postgres_dbt.py                           1           0  0.68s           2025-04-17T23:53:45
================================================================================
[2025-04-17T23:54:43.273+0000] {manager.py:887} INFO - 
================================================================================
DAG File Processing Stats

File Path                                     PID    Runtime      # DAGs    # Errors  Last Runtime    Last Run
--------------------------------------------  -----  ---------  --------  ----------  --------------  -------------------
/opt/airflow/dags/parquet_to_postgres_dbt.py                           1           0  0.61s           2025-04-17T23:54:16
================================================================================
[2025-04-17T23:55:13.555+0000] {manager.py:887} INFO - 
================================================================================
DAG File Processing Stats

File Path                                     PID    Runtime      # DAGs    # Errors  Last Runtime    Last Run
--------------------------------------------  -----  ---------  --------  ----------  --------------  -------------------
/opt/airflow/dags/parquet_to_postgres_dbt.py                           1           0  0.54s           2025-04-17T23:54:47
================================================================================
[2025-04-17T23:55:43.862+0000] {manager.py:887} INFO - 
================================================================================
DAG File Processing Stats

File Path                                     PID    Runtime      # DAGs    # Errors  Last Runtime    Last Run
--------------------------------------------  -----  ---------  --------  ----------  --------------  -------------------
/opt/airflow/dags/parquet_to_postgres_dbt.py                           1           0  0.58s           2025-04-17T23:55:18
================================================================================
[2025-04-17T23:56:11.715+0000] {manager.py:755} INFO - Searching for files in /opt/airflow/dags
[2025-04-17T23:56:11.726+0000] {manager.py:758} INFO - There are 1 files in /opt/airflow/dags
[2025-04-17T23:56:14.118+0000] {manager.py:887} INFO - 
================================================================================
DAG File Processing Stats

File Path                                     PID    Runtime      # DAGs    # Errors  Last Runtime    Last Run
--------------------------------------------  -----  ---------  --------  ----------  --------------  -------------------
/opt/airflow/dags/parquet_to_postgres_dbt.py                           1           0  0.40s           2025-04-17T23:55:48
================================================================================
[2025-04-17T23:58:19.378+0000] {manager.py:487} INFO - Processing files using up to 2 processes at a time 
[2025-04-17T23:58:19.378+0000] {manager.py:488} INFO - Process each file at most once every 30 seconds
[2025-04-17T23:58:19.378+0000] {manager.py:489} INFO - Checking for new files in /opt/airflow/dags every 300 seconds
[2025-04-17T23:58:19.379+0000] {manager.py:755} INFO - Searching for files in /opt/airflow/dags
[2025-04-17T23:58:19.382+0000] {manager.py:758} INFO - There are 1 files in /opt/airflow/dags
[2025-04-17T23:58:19.517+0000] {manager.py:887} INFO - 
================================================================================
DAG File Processing Stats

File Path                                       PID  Runtime      # DAGs    # Errors  Last Runtime    Last Run
--------------------------------------------  -----  ---------  --------  ----------  --------------  ----------
/opt/airflow/dags/parquet_to_postgres_dbt.py    191  0.05s             0           0
================================================================================
[2025-04-17T23:58:49.749+0000] {manager.py:887} INFO - 
================================================================================
DAG File Processing Stats

File Path                                     PID    Runtime      # DAGs    # Errors  Last Runtime    Last Run
--------------------------------------------  -----  ---------  --------  ----------  --------------  -------------------
/opt/airflow/dags/parquet_to_postgres_dbt.py                           1           0  0.65s           2025-04-17T23:58:20
================================================================================
[2025-04-17T23:59:20.026+0000] {manager.py:887} INFO - 
================================================================================
DAG File Processing Stats

File Path                                     PID    Runtime      # DAGs    # Errors  Last Runtime    Last Run
--------------------------------------------  -----  ---------  --------  ----------  --------------  -------------------
/opt/airflow/dags/parquet_to_postgres_dbt.py                           1           0  0.67s           2025-04-17T23:58:51
================================================================================
[2025-04-17T23:59:50.210+0000] {manager.py:887} INFO - 
================================================================================
DAG File Processing Stats

File Path                                     PID    Runtime      # DAGs    # Errors  Last Runtime    Last Run
--------------------------------------------  -----  ---------  --------  ----------  --------------  -------------------
/opt/airflow/dags/parquet_to_postgres_dbt.py                           1           0  0.60s           2025-04-17T23:59:21
================================================================================
