[2025-04-18T00:22:25.178+0000] {taskinstance.py:1094} DEBUG - previous_execution_date was called
[2025-04-18T00:22:25.191+0000] {__init__.py:51} DEBUG - Loading core task runner: StandardTaskRunner
[2025-04-18T00:22:25.205+0000] {taskinstance.py:1094} DEBUG - previous_execution_date was called
[2025-04-18T00:22:25.208+0000] {base_task_runner.py:68} DEBUG - Planning to run as the  user
[2025-04-18T00:22:25.212+0000] {taskinstance.py:844} DEBUG - Refreshing TaskInstance <TaskInstance: parquet_to_csv_to_postgres_loader.convert_parquet_to_csv manual__2025-04-18T00:22:05.188674+00:00 [queued]> from DB
[2025-04-18T00:22:25.334+0000] {taskinstance.py:1168} DEBUG - <TaskInstance: parquet_to_csv_to_postgres_loader.convert_parquet_to_csv manual__2025-04-18T00:22:05.188674+00:00 [queued]> dependency 'Not In Retry Period' PASSED: True, The task instance was not marked for retrying.
[2025-04-18T00:22:25.335+0000] {taskinstance.py:1168} DEBUG - <TaskInstance: parquet_to_csv_to_postgres_loader.convert_parquet_to_csv manual__2025-04-18T00:22:05.188674+00:00 [queued]> dependency 'Task Instance State' PASSED: True, Task state queued was valid.
[2025-04-18T00:22:25.335+0000] {taskinstance.py:1168} DEBUG - <TaskInstance: parquet_to_csv_to_postgres_loader.convert_parquet_to_csv manual__2025-04-18T00:22:05.188674+00:00 [queued]> dependency 'Previous Dagrun State' PASSED: True, The task did not have depends_on_past set.
[2025-04-18T00:22:25.341+0000] {taskinstance.py:1168} DEBUG - <TaskInstance: parquet_to_csv_to_postgres_loader.convert_parquet_to_csv manual__2025-04-18T00:22:05.188674+00:00 [queued]> dependency 'Task Instance Not Running' PASSED: True, Task is not in running state.
[2025-04-18T00:22:25.341+0000] {taskinstance.py:1159} INFO - Dependencies all met for dep_context=non-requeueable deps ti=<TaskInstance: parquet_to_csv_to_postgres_loader.convert_parquet_to_csv manual__2025-04-18T00:22:05.188674+00:00 [queued]>
[2025-04-18T00:22:25.341+0000] {taskinstance.py:1168} DEBUG - <TaskInstance: parquet_to_csv_to_postgres_loader.convert_parquet_to_csv manual__2025-04-18T00:22:05.188674+00:00 [queued]> dependency 'Not In Retry Period' PASSED: True, The task instance was not marked for retrying.
[2025-04-18T00:22:25.341+0000] {taskinstance.py:1168} DEBUG - <TaskInstance: parquet_to_csv_to_postgres_loader.convert_parquet_to_csv manual__2025-04-18T00:22:05.188674+00:00 [queued]> dependency 'Previous Dagrun State' PASSED: True, The task did not have depends_on_past set.
[2025-04-18T00:22:25.347+0000] {taskinstance.py:1168} DEBUG - <TaskInstance: parquet_to_csv_to_postgres_loader.convert_parquet_to_csv manual__2025-04-18T00:22:05.188674+00:00 [queued]> dependency 'Pool Slots Available' PASSED: True, There are enough open slots in default_pool to execute the task
[2025-04-18T00:22:25.347+0000] {taskinstance.py:1168} DEBUG - <TaskInstance: parquet_to_csv_to_postgres_loader.convert_parquet_to_csv manual__2025-04-18T00:22:05.188674+00:00 [queued]> dependency 'Task Concurrency' PASSED: True, Task concurrency is not set.
[2025-04-18T00:22:25.349+0000] {taskinstance.py:1159} INFO - Dependencies all met for dep_context=requeueable deps ti=<TaskInstance: parquet_to_csv_to_postgres_loader.convert_parquet_to_csv manual__2025-04-18T00:22:05.188674+00:00 [queued]>
[2025-04-18T00:22:25.349+0000] {taskinstance.py:1361} INFO - Starting attempt 1 of 2
[2025-04-18T00:22:25.358+0000] {taskinstance.py:1382} INFO - Executing <Task(PythonOperator): convert_parquet_to_csv> on 2025-04-18 00:22:05.188674+00:00
[2025-04-18T00:22:25.362+0000] {standard_task_runner.py:57} INFO - Started process 255 to run task
[2025-04-18T00:22:25.364+0000] {standard_task_runner.py:84} INFO - Running: ['airflow', 'tasks', 'run', 'parquet_to_csv_to_postgres_loader', 'convert_parquet_to_csv', 'manual__2025-04-18T00:22:05.188674+00:00', '--job-id', '64', '--raw', '--subdir', 'DAGS_FOLDER/parquet_to_postgres_dbt.py', '--cfg-path', '/tmp/tmp_nsoal4r']
[2025-04-18T00:22:25.366+0000] {standard_task_runner.py:85} INFO - Job 64: Subtask convert_parquet_to_csv
[2025-04-18T00:22:25.367+0000] {cli_action_loggers.py:67} DEBUG - Calling callbacks: [<function default_action_log at 0xffff9bb8eaf0>]
[2025-04-18T00:22:25.414+0000] {taskinstance.py:1094} DEBUG - previous_execution_date was called
[2025-04-18T00:22:25.417+0000] {task_command.py:416} INFO - Running <TaskInstance: parquet_to_csv_to_postgres_loader.convert_parquet_to_csv manual__2025-04-18T00:22:05.188674+00:00 [running]> on host a9ba873147a3
[2025-04-18T00:22:25.418+0000] {settings.py:351} DEBUG - Disposing DB connection pool (PID 255)
[2025-04-18T00:22:25.418+0000] {settings.py:210} DEBUG - Setting up DB connection pool (PID 255)
[2025-04-18T00:22:25.418+0000] {settings.py:283} DEBUG - settings.prepare_engine_args(): Using NullPool
[2025-04-18T00:22:25.420+0000] {taskinstance.py:844} DEBUG - Refreshing TaskInstance <TaskInstance: parquet_to_csv_to_postgres_loader.convert_parquet_to_csv manual__2025-04-18T00:22:05.188674+00:00 [running]> from DB
[2025-04-18T00:22:25.457+0000] {taskinstance.py:1094} DEBUG - previous_execution_date was called
[2025-04-18T00:22:25.458+0000] {taskinstance.py:925} DEBUG - Clearing XCom data
[2025-04-18T00:22:25.467+0000] {retries.py:93} DEBUG - Running RenderedTaskInstanceFields.write with retries. Try 1 of 3
[2025-04-18T00:22:25.492+0000] {retries.py:93} DEBUG - Running RenderedTaskInstanceFields._do_delete_old_records with retries. Try 1 of 3
[2025-04-18T00:22:25.508+0000] {taskinstance.py:1662} INFO - Exporting env vars: AIRFLOW_CTX_DAG_OWNER='airflow' AIRFLOW_CTX_DAG_ID='parquet_to_csv_to_postgres_loader' AIRFLOW_CTX_TASK_ID='convert_parquet_to_csv' AIRFLOW_CTX_EXECUTION_DATE='2025-04-18T00:22:05.188674+00:00' AIRFLOW_CTX_TRY_NUMBER='1' AIRFLOW_CTX_DAG_RUN_ID='manual__2025-04-18T00:22:05.188674+00:00'
[2025-04-18T00:22:25.509+0000] {__init__.py:116} DEBUG - Preparing lineage inlets and outlets
[2025-04-18T00:22:25.510+0000] {__init__.py:157} DEBUG - inlets: [], outlets: []
[2025-04-18T00:22:25.555+0000] {logging_mixin.py:151} INFO - Successfully converted house-price.parquet to CSV
[2025-04-18T00:22:25.555+0000] {python.py:194} INFO - Done. Returned value was: None
[2025-04-18T00:22:25.556+0000] {__init__.py:74} DEBUG - Lineage called with inlets: [], outlets: []
[2025-04-18T00:22:25.556+0000] {taskinstance.py:844} DEBUG - Refreshing TaskInstance <TaskInstance: parquet_to_csv_to_postgres_loader.convert_parquet_to_csv manual__2025-04-18T00:22:05.188674+00:00 [running]> from DB
[2025-04-18T00:22:25.569+0000] {taskinstance.py:1458} DEBUG - Clearing next_method and next_kwargs.
[2025-04-18T00:22:25.569+0000] {taskinstance.py:1400} INFO - Marking task as SUCCESS. dag_id=parquet_to_csv_to_postgres_loader, task_id=convert_parquet_to_csv, execution_date=20250418T002205, start_date=20250418T002225, end_date=20250418T002225
[2025-04-18T00:22:25.569+0000] {taskinstance.py:2430} DEBUG - Task Duration set to 0.227807
[2025-04-18T00:22:25.580+0000] {cli_action_loggers.py:85} DEBUG - Calling callbacks: []
[2025-04-18T00:22:25.586+0000] {local_task_job_runner.py:228} INFO - Task exited with return code 0
[2025-04-18T00:22:25.605+0000] {dagrun.py:734} DEBUG - number of tis tasks for <DagRun parquet_to_csv_to_postgres_loader @ 2025-04-18 00:22:05.188674+00:00: manual__2025-04-18T00:22:05.188674+00:00, state:running, queued_at: 2025-04-18 00:22:05.209758+00:00. externally triggered: True>: 2 task(s)
[2025-04-18T00:22:25.606+0000] {dagrun.py:755} DEBUG - number of scheduleable tasks for <DagRun parquet_to_csv_to_postgres_loader @ 2025-04-18 00:22:05.188674+00:00: manual__2025-04-18T00:22:05.188674+00:00, state:running, queued_at: 2025-04-18 00:22:05.209758+00:00. externally triggered: True>: 1 task(s)
[2025-04-18T00:22:25.606+0000] {taskinstance.py:1168} DEBUG - <TaskInstance: parquet_to_csv_to_postgres_loader.load_csv_to_postgres manual__2025-04-18T00:22:05.188674+00:00 [None]> dependency 'Not In Retry Period' PASSED: True, The task instance was not marked for retrying.
[2025-04-18T00:22:25.607+0000] {taskinstance.py:1168} DEBUG - <TaskInstance: parquet_to_csv_to_postgres_loader.load_csv_to_postgres manual__2025-04-18T00:22:05.188674+00:00 [None]> dependency 'Previous Dagrun State' PASSED: True, The task did not have depends_on_past set.
[2025-04-18T00:22:25.607+0000] {taskinstance.py:1159} DEBUG - Dependencies all met for dep_context=None ti=<TaskInstance: parquet_to_csv_to_postgres_loader.load_csv_to_postgres manual__2025-04-18T00:22:05.188674+00:00 [None]>
[2025-04-18T00:22:25.610+0000] {taskinstance.py:2778} INFO - 1 downstream tasks scheduled from follow-on schedule check
